2023-05-07 14:33:48.275 +03:00 [INF] FileCreated: D:\MY TESTS\SharedFloder\SharedFolder\src\Workflow.xaml
2023-05-07 14:33:48.283 +03:00 [INF] File copied successfully.
2023-05-07 14:33:48.283 +03:00 [INF] File deleted successfully.
2023-05-07 14:33:51.186 +03:00 [INF] Workflow completed successfully!
2023-05-07 14:33:57.338 +03:00 [INF] FileCreated: D:\MY TESTS\SharedFloder\SharedFolder\src\Workflow.xaml
2023-05-07 14:33:57.346 +03:00 [INF] An error occurred while copying the file: The process cannot access the file 'D:\MY TESTS\SharedFloder\SharedFolder\src\Workflow.xaml' because it is being used by another process.
2023-05-07 14:33:57.346 +03:00 [INF] File deleted successfully.
2023-05-07 14:34:13.602 +03:00 [INF] MAIN_WINDOW_IS_COLSED
2023-05-07 14:35:20.533 +03:00 [INF] FileCreated: D:\MY TESTS\SharedFloder\SharedFolder\src\Workflow.xaml
2023-05-07 14:35:21.011 +03:00 [INF] File copied successfully.
2023-05-07 14:35:21.012 +03:00 [INF] File deleted successfully.
2023-05-07 14:35:22.796 +03:00 [INF] Workflow completed successfully!
2023-05-07 14:35:28.810 +03:00 [INF] FileCreated: D:\MY TESTS\SharedFloder\SharedFolder\src\Workflow.xaml
2023-05-07 14:35:45.552 +03:00 [INF] FileCreated: D:\MY TESTS\SharedFloder\SharedFolder\src\Workflow.xaml
2023-05-07 14:36:57.433 +03:00 [INF] MAIN_WINDOW_IS_COLSED
2023-05-07 14:37:29.947 +03:00 [INF] FileCreated: D:\MY TESTS\SharedFloder\SharedFolder\src\Workflow.xaml
2023-05-07 14:37:30.241 +03:00 [INF] File copied successfully.
2023-05-07 14:37:30.242 +03:00 [INF] File deleted successfully.
2023-05-07 14:37:31.653 +03:00 [INF] Workflow completed successfully!
2023-05-07 14:37:43.364 +03:00 [INF] FileCreated: D:\MY TESTS\SharedFloder\SharedFolder\src\Workflow.xaml
2023-05-07 14:37:49.062 +03:00 [INF] FileCreated: D:\MY TESTS\SharedFloder\SharedFolder\src\Workflow.xaml
2023-05-07 14:38:12.401 +03:00 [INF] MAIN_WINDOW_IS_COLSED
2023-05-07 14:39:43.332 +03:00 [INF] FileCreated: D:\MY TESTS\SharedFloder\SharedFolder\src\Workflow.xaml
2023-05-07 14:39:43.643 +03:00 [INF] File copied successfully.
2023-05-07 14:39:43.644 +03:00 [INF] File deleted successfully.
2023-05-07 14:39:46.193 +03:00 [INF] Workflow completed successfully!
2023-05-07 14:40:10.647 +03:00 [INF] FileCreated: D:\MY TESTS\SharedFloder\SharedFolder\src\Workflow.xaml
2023-05-07 14:40:49.146 +03:00 [INF] MAIN_WINDOW_IS_COLSED
2023-05-07 14:41:03.945 +03:00 [INF] FileCreated: D:\MY TESTS\SharedFloder\SharedFolder\src\Workflow.xaml
2023-05-07 14:41:03.953 +03:00 [INF] File copied successfully.
2023-05-07 14:41:03.953 +03:00 [INF] File deleted successfully.
2023-05-07 14:41:05.051 +03:00 [INF] Workflow completed successfully!
2023-05-07 14:41:07.598 +03:00 [INF] FileCreated: D:\MY TESTS\SharedFloder\SharedFolder\src\Workflow.xaml
2023-05-07 14:41:18.665 +03:00 [INF] MAIN_WINDOW_IS_COLSED
2023-05-07 14:42:45.239 +03:00 [INF] FileCreated: D:\MY TESTS\SharedFloder\SharedFolder\src\Workflow.xaml
2023-05-07 14:43:02.011 +03:00 [INF] File copied successfully.
2023-05-07 14:43:09.956 +03:00 [INF] File deleted successfully.
2023-05-07 14:43:49.465 +03:00 [INF] Workflow completed successfully!
2023-05-07 14:44:08.324 +03:00 [INF] FileCreated: D:\MY TESTS\SharedFloder\SharedFolder\src\Workflow.xaml
2023-05-07 14:44:43.555 +03:00 [INF] FileCreated: D:\MY TESTS\SharedFloder\SharedFolder\src\Workflow.xaml
2023-05-07 14:44:43.950 +03:00 [INF] File copied successfully.
2023-05-07 14:44:43.950 +03:00 [INF] File deleted successfully.
2023-05-07 14:44:45.195 +03:00 [INF] Workflow completed successfully!
2023-05-07 14:44:54.598 +03:00 [INF] FileCreated: D:\MY TESTS\SharedFloder\SharedFolder\src\Workflow.xaml
2023-05-07 14:44:54.965 +03:00 [INF] File copied successfully.
2023-05-07 14:44:54.965 +03:00 [INF] File deleted successfully.
2023-05-07 14:44:56.215 +03:00 [INF] Workflow completed successfully!
2023-05-07 14:45:03.641 +03:00 [INF] FileCreated: D:\MY TESTS\SharedFloder\SharedFolder\src\Workflow.xaml
2023-05-07 14:45:03.975 +03:00 [INF] File copied successfully.
2023-05-07 14:45:03.975 +03:00 [INF] File deleted successfully.
2023-05-07 14:45:05.685 +03:00 [INF] Workflow completed successfully!
2023-05-07 14:45:06.717 +03:00 [INF] FileCreated: D:\MY TESTS\SharedFloder\SharedFolder\src\Workflow.xaml
2023-05-07 14:45:06.981 +03:00 [INF] File copied successfully.
2023-05-07 14:45:06.981 +03:00 [INF] File deleted successfully.
2023-05-07 14:45:08.574 +03:00 [INF] FileCreated: D:\MY TESTS\SharedFloder\SharedFolder\src\Workflow.xaml
2023-05-07 14:45:11.712 +03:00 [INF] Workflow completed successfully!
2023-05-07 14:45:11.988 +03:00 [INF] File copied successfully.
2023-05-07 14:45:11.988 +03:00 [INF] File deleted successfully.
2023-05-07 14:45:13.536 +03:00 [INF] Workflow completed successfully!
2023-05-07 14:45:18.763 +03:00 [INF] FileCreated: D:\MY TESTS\SharedFloder\SharedFolder\src\Workflow.xaml
2023-05-07 14:45:19.000 +03:00 [INF] File copied successfully.
2023-05-07 14:45:19.001 +03:00 [INF] File deleted successfully.
2023-05-07 14:45:22.294 +03:00 [INF] FileCreated: D:\MY TESTS\SharedFloder\SharedFolder\src\Workflow.xaml
2023-05-07 14:45:24.187 +03:00 [INF] Workflow completed successfully!
2023-05-07 14:45:24.511 +03:00 [INF] File copied successfully.
2023-05-07 14:45:24.512 +03:00 [INF] File deleted successfully.
2023-05-07 14:45:25.078 +03:00 [INF] Workflow completed successfully!
2023-05-07 14:45:56.653 +03:00 [INF] FileCreated: D:\MY TESTS\SharedFloder\SharedFolder\src\Workflow.xaml
2023-05-07 14:45:57.050 +03:00 [INF] File copied successfully.
2023-05-07 14:45:57.050 +03:00 [INF] File deleted successfully.
2023-05-07 14:46:04.249 +03:00 [INF] Workflow completed successfully!
2023-05-07 14:46:06.256 +03:00 [INF] MAIN_WINDOW_IS_COLSED
2023-05-07 14:46:34.923 +03:00 [INF] FileCreated: D:\MY TESTS\SharedFloder\SharedFolder\src\Workflow.xaml
2023-05-07 14:46:34.931 +03:00 [INF] File copied successfully.
2023-05-07 14:46:34.931 +03:00 [INF] File deleted successfully.
2023-05-07 14:46:37.133 +03:00 [INF] Workflow completed successfully!
2023-05-07 14:46:38.033 +03:00 [INF] FileCreated: D:\MY TESTS\SharedFloder\SharedFolder\src\Workflow.xaml
2023-05-07 14:46:38.033 +03:00 [INF] An error occurred while copying the file: The process cannot access the file 'D:\MY TESTS\SharedFloder\SharedFolder\src\Workflow.xaml' because it is being used by another process.
2023-05-07 14:46:38.033 +03:00 [INF] File deleted successfully.
2023-05-07 14:46:39.671 +03:00 [INF] Workflow completed successfully!
2023-05-07 14:46:40.303 +03:00 [INF] FileCreated: D:\MY TESTS\SharedFloder\SharedFolder\src\Workflow.xaml
2023-05-07 14:46:40.303 +03:00 [INF] An error occurred while copying the file: The process cannot access the file 'D:\MY TESTS\SharedFloder\SharedFolder\src\Workflow.xaml' because it is being used by another process.
2023-05-07 14:46:40.303 +03:00 [INF] An error occurred while deleting the file: The process cannot access the file 'D:\MY TESTS\SharedFloder\SharedFolder\src\Workflow.xaml' because it is being used by another process.
2023-05-07 14:46:41.414 +03:00 [INF] Workflow completed successfully!
2023-05-07 14:46:57.346 +03:00 [INF] FileCreated: D:\MY TESTS\SharedFloder\SharedFolder\src\Workflow.xaml
2023-05-07 14:46:57.347 +03:00 [INF] An error occurred while copying the file: The process cannot access the file 'D:\MY TESTS\SharedFloder\SharedFolder\src\Workflow.xaml' because it is being used by another process.
2023-05-07 14:46:57.347 +03:00 [INF] An error occurred while deleting the file: The process cannot access the file 'D:\MY TESTS\SharedFloder\SharedFolder\src\Workflow.xaml' because it is being used by another process.
2023-05-07 14:47:00.495 +03:00 [INF] Workflow completed successfully!
2023-05-07 14:47:04.945 +03:00 [INF] MAIN_WINDOW_IS_COLSED
2023-05-07 14:47:21.235 +03:00 [INF] FileCreated: D:\MY TESTS\SharedFloder\SharedFolder\src\Workflow.xaml
2023-05-07 14:47:21.242 +03:00 [INF] File copied successfully.
2023-05-07 14:47:21.242 +03:00 [INF] File deleted successfully.
2023-05-07 14:47:22.821 +03:00 [INF] Workflow completed successfully!
2023-05-07 14:47:24.888 +03:00 [INF] FileCreated: D:\MY TESTS\SharedFloder\SharedFolder\src\Workflow.xaml
2023-05-07 14:47:24.889 +03:00 [INF] An error occurred while copying the file: The process cannot access the file 'D:\MY TESTS\SharedFloder\SharedFolder\src\Workflow.xaml' because it is being used by another process.
2023-05-07 14:47:24.889 +03:00 [INF] File deleted successfully.
2023-05-07 14:47:26.286 +03:00 [INF] Workflow completed successfully!
2023-05-07 14:47:27.921 +03:00 [INF] FileCreated: D:\MY TESTS\SharedFloder\SharedFolder\src\Workflow.xaml
2023-05-07 14:47:27.921 +03:00 [INF] An error occurred while copying the file: The process cannot access the file 'D:\MY TESTS\SharedFloder\SharedFolder\src\Workflow.xaml' because it is being used by another process.
2023-05-07 14:47:27.921 +03:00 [INF] File deleted successfully.
2023-05-07 14:47:29.437 +03:00 [INF] Workflow completed successfully!
2023-05-07 14:47:30.592 +03:00 [INF] FileCreated: D:\MY TESTS\SharedFloder\SharedFolder\src\Workflow.xaml
2023-05-07 14:47:30.593 +03:00 [INF] An error occurred while copying the file: The process cannot access the file 'D:\MY TESTS\SharedFloder\SharedFolder\src\Workflow.xaml' because it is being used by another process.
2023-05-07 14:47:30.593 +03:00 [INF] File deleted successfully.
2023-05-07 14:47:31.279 +03:00 [INF] Workflow completed successfully!
2023-05-07 14:47:31.849 +03:00 [INF] FileCreated: D:\MY TESTS\SharedFloder\SharedFolder\src\Workflow.xaml
2023-05-07 14:47:31.849 +03:00 [INF] An error occurred while copying the file: The process cannot access the file 'D:\MY TESTS\SharedFloder\SharedFolder\src\Workflow.xaml' because it is being used by another process.
2023-05-07 14:47:31.849 +03:00 [INF] An error occurred while deleting the file: The process cannot access the file 'D:\MY TESTS\SharedFloder\SharedFolder\src\Workflow.xaml' because it is being used by another process.
2023-05-07 14:47:32.435 +03:00 [INF] Workflow completed successfully!
2023-05-07 14:47:39.520 +03:00 [INF] FileCreated: D:\MY TESTS\SharedFloder\SharedFolder\src\Workflow.xaml
2023-05-07 14:47:39.520 +03:00 [INF] An error occurred while copying the file: The process cannot access the file 'D:\MY TESTS\SharedFloder\SharedFolder\src\Workflow.xaml' because it is being used by another process.
2023-05-07 14:47:39.520 +03:00 [INF] File deleted successfully.
2023-05-07 14:47:40.345 +03:00 [INF] Workflow completed successfully!
2023-05-07 14:47:41.065 +03:00 [INF] FileCreated: D:\MY TESTS\SharedFloder\SharedFolder\src\Workflow.xaml
2023-05-07 14:47:41.065 +03:00 [INF] An error occurred while copying the file: The process cannot access the file 'D:\MY TESTS\SharedFloder\SharedFolder\src\Workflow.xaml' because it is being used by another process.
2023-05-07 14:47:41.065 +03:00 [INF] An error occurred while deleting the file: The process cannot access the file 'D:\MY TESTS\SharedFloder\SharedFolder\src\Workflow.xaml' because it is being used by another process.
2023-05-07 14:47:41.706 +03:00 [INF] Workflow completed successfully!
2023-05-07 14:47:58.442 +03:00 [INF] MAIN_WINDOW_IS_COLSED
2023-05-07 14:48:30.272 +03:00 [INF] FileCreated: D:\MY TESTS\SharedFloder\SharedFolder\src\Workflow.xaml
2023-05-07 14:48:30.487 +03:00 [INF] File copied successfully.
2023-05-07 14:48:30.488 +03:00 [INF] File deleted successfully.
2023-05-07 14:48:32.628 +03:00 [INF] Workflow completed successfully!
2023-05-07 14:48:36.791 +03:00 [INF] FileCreated: D:\MY TESTS\SharedFloder\SharedFolder\src\Workflow.xaml
2023-05-07 14:48:36.997 +03:00 [INF] File copied successfully.
2023-05-07 14:48:36.998 +03:00 [INF] File deleted successfully.
2023-05-07 14:48:38.688 +03:00 [INF] Workflow completed successfully!
2023-05-07 14:48:41.952 +03:00 [INF] FileCreated: D:\MY TESTS\SharedFloder\SharedFolder\src\Workflow.xaml
2023-05-07 14:48:42.006 +03:00 [INF] File copied successfully.
2023-05-07 14:48:42.007 +03:00 [INF] File deleted successfully.
2023-05-07 14:48:42.912 +03:00 [INF] Workflow completed successfully!
2023-05-07 14:48:44.343 +03:00 [INF] FileCreated: D:\MY TESTS\SharedFloder\SharedFolder\src\Workflow.xaml
2023-05-07 14:48:44.512 +03:00 [INF] File copied successfully.
2023-05-07 14:48:44.512 +03:00 [INF] File deleted successfully.
2023-05-07 14:48:45.253 +03:00 [INF] Workflow completed successfully!
2023-05-07 14:48:46.522 +03:00 [INF] FileCreated: D:\MY TESTS\SharedFloder\SharedFolder\src\Workflow.xaml
2023-05-07 14:48:47.018 +03:00 [INF] File copied successfully.
2023-05-07 14:48:47.018 +03:00 [INF] File deleted successfully.
2023-05-07 14:48:47.752 +03:00 [INF] Workflow completed successfully!
2023-05-07 14:48:56.740 +03:00 [INF] FileCreated: D:\MY TESTS\SharedFloder\SharedFolder\src\Workflow.xaml
2023-05-07 14:48:57.032 +03:00 [INF] File copied successfully.
2023-05-07 14:48:57.032 +03:00 [INF] File deleted successfully.
2023-05-07 14:48:59.047 +03:00 [INF] Workflow completed successfully!
2023-05-07 14:49:00.838 +03:00 [INF] FileCreated: D:\MY TESTS\SharedFloder\SharedFolder\src\Workflow.xaml
2023-05-07 14:49:01.039 +03:00 [INF] File copied successfully.
2023-05-07 14:49:01.039 +03:00 [INF] File deleted successfully.
2023-05-07 14:49:02.175 +03:00 [INF] Workflow completed successfully!
2023-05-07 14:49:06.591 +03:00 [INF] FileCreated: D:\MY TESTS\SharedFloder\SharedFolder\src\Workflow.xaml
2023-05-07 14:49:07.048 +03:00 [INF] File copied successfully.
2023-05-07 14:49:07.048 +03:00 [INF] File deleted successfully.
2023-05-07 14:49:51.072 +03:00 [INF] FileCreated: D:\MY TESTS\SharedFloder\SharedFolder\src\Workflow.xaml
2023-05-07 14:49:53.158 +03:00 [INF] Workflow completed successfully!
2023-05-07 14:49:53.608 +03:00 [INF] File copied successfully.
2023-05-07 14:49:53.609 +03:00 [INF] File deleted successfully.
2023-05-07 14:49:54.784 +03:00 [INF] Workflow completed successfully!
2023-05-07 14:49:57.931 +03:00 [INF] MAIN_WINDOW_IS_COLSED
2023-05-07 14:53:34.479 +03:00 [INF] FileCreated: D:\MY TESTS\SharedFloder\SharedFolder\src\Workflow.xaml
2023-05-07 14:53:34.947 +03:00 [INF] File copied successfully.
2023-05-07 14:53:34.948 +03:00 [INF] File deleted successfully.
2023-05-07 14:53:37.030 +03:00 [INF] Workflow completed successfully!
2023-05-07 14:53:43.494 +03:00 [INF] FileCreated: D:\MY TESTS\SharedFloder\SharedFolder\src\Workflow.xaml
2023-05-07 14:53:43.962 +03:00 [INF] File copied successfully.
2023-05-07 14:53:43.963 +03:00 [INF] File deleted successfully.
2023-05-07 14:53:45.134 +03:00 [INF] Workflow completed successfully!
2023-05-07 14:53:55.783 +03:00 [INF] FileCreated: D:\MY TESTS\SharedFloder\SharedFolder\src\Workflow.xaml
2023-05-07 14:53:55.977 +03:00 [INF] File copied successfully.
2023-05-07 14:53:55.978 +03:00 [INF] File deleted successfully.
2023-05-07 14:53:58.144 +03:00 [INF] FileCreated: D:\MY TESTS\SharedFloder\SharedFolder\src\Workflow.xaml
2023-05-07 14:54:00.670 +03:00 [INF] Workflow completed successfully!
2023-05-07 14:54:00.986 +03:00 [INF] File copied successfully.
2023-05-07 14:54:00.986 +03:00 [INF] File deleted successfully.
2023-05-07 14:54:01.677 +03:00 [INF] Workflow completed successfully!
2023-05-07 14:54:03.033 +03:00 [INF] FileCreated: D:\MY TESTS\SharedFloder\SharedFolder\src\Workflow.xaml
2023-05-07 14:54:03.492 +03:00 [INF] File copied successfully.
2023-05-07 14:54:03.492 +03:00 [INF] File deleted successfully.
2023-05-07 14:54:08.615 +03:00 [INF] FileCreated: D:\MY TESTS\SharedFloder\SharedFolder\src\Workflow.xaml
2023-05-07 14:54:24.402 +03:00 [INF] Workflow completed successfully!
2023-05-07 14:54:24.522 +03:00 [INF] File copied successfully.
2023-05-07 14:54:24.522 +03:00 [INF] File deleted successfully.
2023-05-07 14:54:25.186 +03:00 [INF] Workflow completed successfully!
2023-05-07 14:54:45.237 +03:00 [INF] MAIN_WINDOW_IS_COLSED
