2023-02-22 20:57:51.781 +02:00 [INF] Waiting for a connection...
2023-02-22 20:57:56.940 +02:00 [INF] Waiting for a connection...
2023-02-22 20:57:56.944 +02:00 [INF] Read 19 bytes from socket. 
 Data : This is a test<EOF>
2023-02-22 20:57:56.947 +02:00 [INF] Sent 19 bytes to client.
2023-02-22 20:57:56.948 +02:00 [INF] Waiting for a connection...
2023-02-22 20:57:56.948 +02:00 [INF] Read 19 bytes from socket. 
 Data : This is a test<EOF>
2023-02-22 20:57:56.948 +02:00 [INF] Sent 19 bytes to client.
2023-02-22 20:57:56.949 +02:00 [INF] Waiting for a connection...
2023-02-22 20:57:56.949 +02:00 [INF] Read 19 bytes from socket. 
 Data : This is a test<EOF>
2023-02-22 20:57:56.949 +02:00 [INF] Sent 19 bytes to client.
2023-02-22 20:57:56.949 +02:00 [INF] Waiting for a connection...
2023-02-22 20:57:56.949 +02:00 [INF] Read 19 bytes from socket. 
 Data : This is a test<EOF>
2023-02-22 20:57:56.949 +02:00 [INF] Sent 19 bytes to client.
2023-02-22 20:57:56.950 +02:00 [INF] Waiting for a connection...
2023-02-22 20:57:56.950 +02:00 [INF] Read 19 bytes from socket. 
 Data : This is a test<EOF>
2023-02-22 20:57:56.950 +02:00 [INF] Sent 19 bytes to client.
2023-02-22 21:00:38.535 +02:00 [INF] Waiting for a connection...
2023-02-22 21:00:48.753 +02:00 [INF] Waiting for a connection...
2023-02-22 21:00:48.758 +02:00 [INF] Read 19 bytes from socket. 
 Data : This is a test<EOF>
2023-02-22 21:00:48.760 +02:00 [INF] Sent 19 bytes to client.
2023-02-22 21:00:53.775 +02:00 [INF] Waiting for a connection...
2023-02-22 21:00:53.775 +02:00 [INF] Read 19 bytes from socket. 
 Data : This is a test<EOF>
2023-02-22 21:00:53.776 +02:00 [INF] Sent 19 bytes to client.
2023-02-22 21:00:58.780 +02:00 [INF] Waiting for a connection...
2023-02-22 21:00:58.780 +02:00 [INF] Read 19 bytes from socket. 
 Data : This is a test<EOF>
2023-02-22 21:00:58.781 +02:00 [INF] Sent 19 bytes to client.
2023-02-22 21:01:03.791 +02:00 [INF] Waiting for a connection...
2023-02-22 21:01:03.791 +02:00 [INF] Read 19 bytes from socket. 
 Data : This is a test<EOF>
2023-02-22 21:01:03.791 +02:00 [INF] Sent 19 bytes to client.
2023-02-22 21:01:08.803 +02:00 [INF] Waiting for a connection...
2023-02-22 21:01:08.803 +02:00 [INF] Read 19 bytes from socket. 
 Data : This is a test<EOF>
2023-02-22 21:01:08.804 +02:00 [INF] Sent 19 bytes to client.
2023-02-22 21:01:13.807 +02:00 [INF] Waiting for a connection...
2023-02-22 21:01:13.807 +02:00 [INF] Read 19 bytes from socket. 
 Data : This is a test<EOF>
2023-02-22 21:01:13.808 +02:00 [INF] Sent 19 bytes to client.
2023-02-22 21:01:18.812 +02:00 [INF] Waiting for a connection...
2023-02-22 21:01:18.812 +02:00 [INF] Read 19 bytes from socket. 
 Data : This is a test<EOF>
2023-02-22 21:01:18.812 +02:00 [INF] Sent 19 bytes to client.
2023-02-22 21:01:23.821 +02:00 [INF] Waiting for a connection...
2023-02-22 21:01:23.822 +02:00 [INF] Read 19 bytes from socket. 
 Data : This is a test<EOF>
2023-02-22 21:01:23.822 +02:00 [INF] Sent 19 bytes to client.
2023-02-22 21:01:28.829 +02:00 [INF] Waiting for a connection...
2023-02-22 21:01:28.829 +02:00 [INF] Read 19 bytes from socket. 
 Data : This is a test<EOF>
2023-02-22 21:01:28.830 +02:00 [INF] Sent 19 bytes to client.
2023-02-22 21:01:33.835 +02:00 [INF] Waiting for a connection...
2023-02-22 21:01:33.835 +02:00 [INF] Read 19 bytes from socket. 
 Data : This is a test<EOF>
2023-02-22 21:01:33.835 +02:00 [INF] Sent 19 bytes to client.
2023-02-22 21:01:50.164 +02:00 [INF] Waiting for a connection...
2023-02-22 21:02:04.369 +02:00 [INF] Waiting for a connection...
2023-02-22 21:02:04.374 +02:00 [INF] Read 19 bytes from socket. 
 Data : This is a test<EOF>
2023-02-22 21:02:04.376 +02:00 [INF] Sent 19 bytes to client.
2023-02-22 21:02:09.386 +02:00 [INF] Waiting for a connection...
2023-02-22 21:02:09.386 +02:00 [INF] Read 19 bytes from socket. 
 Data : This is a test<EOF>
2023-02-22 21:02:09.386 +02:00 [INF] Sent 19 bytes to client.
2023-02-22 21:02:14.391 +02:00 [INF] Waiting for a connection...
2023-02-22 21:02:14.392 +02:00 [INF] Read 19 bytes from socket. 
 Data : This is a test<EOF>
2023-02-22 21:02:14.392 +02:00 [INF] Sent 19 bytes to client.
2023-02-22 21:02:19.402 +02:00 [INF] Waiting for a connection...
2023-02-22 21:02:19.402 +02:00 [INF] Read 19 bytes from socket. 
 Data : This is a test<EOF>
2023-02-22 21:02:19.402 +02:00 [INF] Sent 19 bytes to client.
2023-02-22 21:02:24.418 +02:00 [INF] Waiting for a connection...
2023-02-22 21:02:24.418 +02:00 [INF] Read 19 bytes from socket. 
 Data : This is a test<EOF>
2023-02-22 21:02:24.419 +02:00 [INF] Sent 19 bytes to client.
2023-02-22 21:02:29.435 +02:00 [INF] Waiting for a connection...
2023-02-22 21:02:29.436 +02:00 [INF] Read 19 bytes from socket. 
 Data : This is a test<EOF>
2023-02-22 21:02:29.436 +02:00 [INF] Sent 19 bytes to client.
2023-02-22 21:02:34.451 +02:00 [INF] Waiting for a connection...
2023-02-22 21:02:34.451 +02:00 [INF] Read 19 bytes from socket. 
 Data : This is a test<EOF>
2023-02-22 21:02:34.452 +02:00 [INF] Sent 19 bytes to client.
2023-02-22 21:04:07.529 +02:00 [INF] Waiting for a connection...
2023-02-22 21:04:12.992 +02:00 [INF] Waiting for a connection...
2023-02-22 21:04:12.999 +02:00 [INF] Read 19 bytes from socket. 
 Data : This is a test<EOF>
2023-02-22 21:04:13.001 +02:00 [INF] Sent 19 bytes to client.
2023-02-22 21:04:18.009 +02:00 [INF] Waiting for a connection...
2023-02-22 21:04:18.009 +02:00 [INF] Read 19 bytes from socket. 
 Data : This is a test<EOF>
2023-02-22 21:04:18.009 +02:00 [INF] Sent 19 bytes to client.
2023-02-22 21:04:23.013 +02:00 [INF] Waiting for a connection...
2023-02-22 21:04:23.014 +02:00 [INF] Read 19 bytes from socket. 
 Data : This is a test<EOF>
2023-02-22 21:04:23.014 +02:00 [INF] Sent 19 bytes to client.
2023-02-22 21:04:28.018 +02:00 [INF] Waiting for a connection...
2023-02-22 21:04:28.018 +02:00 [INF] Read 19 bytes from socket. 
 Data : This is a test<EOF>
2023-02-22 21:04:28.018 +02:00 [INF] Sent 19 bytes to client.
2023-02-22 21:04:33.024 +02:00 [INF] Waiting for a connection...
2023-02-22 21:04:33.025 +02:00 [INF] Read 19 bytes from socket. 
 Data : This is a test<EOF>
2023-02-22 21:04:33.025 +02:00 [INF] Sent 19 bytes to client.
2023-02-22 21:04:38.043 +02:00 [INF] Waiting for a connection...
2023-02-22 21:04:38.043 +02:00 [INF] Read 19 bytes from socket. 
 Data : This is a test<EOF>
2023-02-22 21:04:38.044 +02:00 [INF] Sent 19 bytes to client.
2023-02-22 21:04:43.054 +02:00 [INF] Waiting for a connection...
2023-02-22 21:04:43.054 +02:00 [INF] Read 19 bytes from socket. 
 Data : This is a test<EOF>
2023-02-22 21:04:43.054 +02:00 [INF] Sent 19 bytes to client.
2023-02-22 21:06:13.106 +02:00 [INF] Waiting for a connection...
2023-02-22 21:06:20.537 +02:00 [INF] Waiting for a connection...
2023-02-22 21:06:56.386 +02:00 [INF] Waiting for a connection...
2023-02-22 21:07:03.817 +02:00 [INF] Waiting for a connection...
2023-02-22 21:07:03.822 +02:00 [INF] Read 19 bytes from socket. 
 Data : This is a test<EOF>
2023-02-22 21:07:03.824 +02:00 [INF] Sent 19 bytes to client.
2023-02-22 21:07:08.829 +02:00 [INF] Waiting for a connection...
2023-02-22 21:07:08.830 +02:00 [INF] Read 19 bytes from socket. 
 Data : This is a test<EOF>
2023-02-22 21:07:08.830 +02:00 [INF] Sent 19 bytes to client.
2023-02-22 21:07:10.921 +02:00 [INF] Socket connected to 127.0.0.1:11001
2023-02-22 21:07:10.922 +02:00 [INF] Sent 19 bytes to server.
2023-02-22 21:07:10.924 +02:00 [INF] Response received : This is a test<EOF>
2023-02-22 21:07:13.527 +02:00 [INF] Response received : This is a test<EOF>
2023-02-22 21:07:13.527 +02:00 [INF] Socket connected to 127.0.0.1:11001
2023-02-22 21:07:13.527 +02:00 [INF] Sent 19 bytes to server.
2023-02-22 21:07:13.838 +02:00 [INF] Waiting for a connection...
2023-02-22 21:07:13.838 +02:00 [INF] Read 19 bytes from socket. 
 Data : This is a test<EOF>
2023-02-22 21:07:13.838 +02:00 [INF] Sent 19 bytes to client.
2023-02-22 21:07:14.343 +02:00 [INF] Response received : This is a test<EOF>
2023-02-22 21:07:14.343 +02:00 [INF] Socket connected to 127.0.0.1:11001
2023-02-22 21:07:14.343 +02:00 [INF] Sent 19 bytes to server.
2023-02-22 21:07:18.848 +02:00 [INF] Waiting for a connection...
2023-02-22 21:07:18.848 +02:00 [INF] Read 19 bytes from socket. 
 Data : This is a test<EOF>
2023-02-22 21:07:18.849 +02:00 [INF] Sent 19 bytes to client.
2023-02-22 21:07:19.889 +02:00 [INF] Sent 19 bytes to server.
2023-02-22 21:07:19.889 +02:00 [INF] Socket connected to 127.0.0.1:11001
2023-02-22 21:07:19.889 +02:00 [INF] Response received : This is a test<EOF>
2023-02-22 21:07:23.859 +02:00 [INF] Waiting for a connection...
2023-02-22 21:07:23.859 +02:00 [INF] Read 19 bytes from socket. 
 Data : This is a test<EOF>
2023-02-22 21:07:23.860 +02:00 [INF] Sent 19 bytes to client.
2023-02-22 21:07:24.464 +02:00 [INF] Response received : This is a test<EOF>
2023-02-22 21:07:24.464 +02:00 [INF] Sent 19 bytes to server.
2023-02-22 21:07:24.464 +02:00 [INF] Socket connected to 127.0.0.1:11001
2023-02-22 21:07:25.368 +02:00 [INF] Response received : This is a test<EOF>
2023-02-22 21:07:25.368 +02:00 [INF] Sent 19 bytes to server.
2023-02-22 21:07:25.368 +02:00 [INF] Socket connected to 127.0.0.1:11001
2023-02-22 21:07:25.904 +02:00 [INF] Socket connected to 127.0.0.1:11001
2023-02-22 21:07:25.904 +02:00 [INF] Response received : This is a test<EOF>
2023-02-22 21:07:25.904 +02:00 [INF] Sent 19 bytes to server.
2023-02-22 21:07:26.361 +02:00 [INF] Response received : This is a test<EOF>
2023-02-22 21:07:26.361 +02:00 [INF] Sent 19 bytes to server.
2023-02-22 21:07:26.361 +02:00 [INF] Socket connected to 127.0.0.1:11001
2023-02-22 21:07:26.839 +02:00 [INF] Response received : This is a test<EOF>
2023-02-22 21:07:26.839 +02:00 [INF] Sent 19 bytes to server.
2023-02-22 21:07:26.839 +02:00 [INF] Socket connected to 127.0.0.1:11001
2023-02-22 21:07:28.868 +02:00 [INF] Waiting for a connection...
2023-02-22 21:07:28.868 +02:00 [INF] Read 19 bytes from socket. 
 Data : This is a test<EOF>
2023-02-22 21:07:28.868 +02:00 [INF] Sent 19 bytes to client.
2023-02-22 21:07:33.872 +02:00 [INF] Waiting for a connection...
2023-02-22 21:07:33.872 +02:00 [INF] Read 19 bytes from socket. 
 Data : This is a test<EOF>
2023-02-22 21:07:33.873 +02:00 [INF] Sent 19 bytes to client.
2023-02-22 21:07:38.886 +02:00 [INF] Waiting for a connection...
2023-02-22 21:07:38.886 +02:00 [INF] Read 19 bytes from socket. 
 Data : This is a test<EOF>
2023-02-22 21:07:38.887 +02:00 [INF] Sent 19 bytes to client.
2023-02-22 21:07:43.894 +02:00 [INF] Waiting for a connection...
2023-02-22 21:07:43.895 +02:00 [INF] Read 19 bytes from socket. 
 Data : This is a test<EOF>
2023-02-22 21:07:43.895 +02:00 [INF] Sent 19 bytes to client.
2023-02-22 21:07:48.900 +02:00 [INF] Waiting for a connection...
2023-02-22 21:07:48.900 +02:00 [INF] Read 19 bytes from socket. 
 Data : This is a test<EOF>
2023-02-22 21:07:48.900 +02:00 [INF] Sent 19 bytes to client.
2023-02-22 21:07:53.910 +02:00 [INF] Waiting for a connection...
2023-02-22 21:07:53.910 +02:00 [INF] Read 19 bytes from socket. 
 Data : This is a test<EOF>
2023-02-22 21:07:53.911 +02:00 [INF] Sent 19 bytes to client.
2023-02-22 21:07:58.917 +02:00 [INF] Waiting for a connection...
2023-02-22 21:07:58.918 +02:00 [INF] Read 19 bytes from socket. 
 Data : This is a test<EOF>
2023-02-22 21:07:58.918 +02:00 [INF] Sent 19 bytes to client.
2023-02-22 21:08:03.930 +02:00 [INF] Waiting for a connection...
2023-02-22 21:08:03.930 +02:00 [INF] Read 19 bytes from socket. 
 Data : This is a test<EOF>
2023-02-22 21:08:03.931 +02:00 [INF] Sent 19 bytes to client.
2023-02-22 21:08:08.935 +02:00 [INF] Waiting for a connection...
2023-02-22 21:08:08.936 +02:00 [INF] Read 19 bytes from socket. 
 Data : This is a test<EOF>
2023-02-22 21:08:08.936 +02:00 [INF] Sent 19 bytes to client.
2023-02-22 21:08:13.950 +02:00 [INF] Waiting for a connection...
2023-02-22 21:08:13.950 +02:00 [INF] Read 19 bytes from socket. 
 Data : This is a test<EOF>
2023-02-22 21:08:13.951 +02:00 [INF] Sent 19 bytes to client.
2023-02-22 21:08:18.959 +02:00 [INF] Waiting for a connection...
2023-02-22 21:08:18.959 +02:00 [INF] Read 19 bytes from socket. 
 Data : This is a test<EOF>
2023-02-22 21:08:18.960 +02:00 [INF] Sent 19 bytes to client.
2023-02-22 21:08:23.963 +02:00 [INF] Waiting for a connection...
2023-02-22 21:08:23.963 +02:00 [INF] Read 19 bytes from socket. 
 Data : This is a test<EOF>
2023-02-22 21:08:23.963 +02:00 [INF] Sent 19 bytes to client.
2023-02-22 21:08:28.970 +02:00 [INF] Waiting for a connection...
2023-02-22 21:08:28.970 +02:00 [INF] Read 19 bytes from socket. 
 Data : This is a test<EOF>
2023-02-22 21:08:28.970 +02:00 [INF] Sent 19 bytes to client.
2023-02-22 21:08:33.987 +02:00 [INF] Waiting for a connection...
2023-02-22 21:08:33.987 +02:00 [INF] Read 19 bytes from socket. 
 Data : This is a test<EOF>
2023-02-22 21:08:33.987 +02:00 [INF] Sent 19 bytes to client.
2023-02-22 21:08:38.995 +02:00 [INF] Waiting for a connection...
2023-02-22 21:08:38.995 +02:00 [INF] Read 19 bytes from socket. 
 Data : This is a test<EOF>
2023-02-22 21:08:38.995 +02:00 [INF] Sent 19 bytes to client.
2023-02-22 21:08:40.139 +02:00 [INF] Socket connected to 127.0.0.1:11001
2023-02-22 21:08:40.139 +02:00 [INF] Response received : This is a test<EOF>
2023-02-22 21:08:40.139 +02:00 [INF] Sent 19 bytes to server.
2023-02-22 21:08:42.172 +02:00 [INF] Response received : This is a test<EOF>
2023-02-22 21:08:42.172 +02:00 [INF] Sent 19 bytes to server.
2023-02-22 21:08:42.172 +02:00 [INF] Socket connected to 127.0.0.1:11001
2023-02-22 21:08:43.022 +02:00 [INF] Socket connected to 127.0.0.1:11001
2023-02-22 21:08:43.022 +02:00 [INF] Sent 19 bytes to server.
2023-02-22 21:08:43.022 +02:00 [INF] Response received : This is a test<EOF>
2023-02-22 21:08:43.724 +02:00 [INF] Response received : This is a test<EOF>
2023-02-22 21:08:43.724 +02:00 [INF] Socket connected to 127.0.0.1:11001
2023-02-22 21:08:43.724 +02:00 [INF] Sent 19 bytes to server.
2023-02-22 21:08:44.012 +02:00 [INF] Waiting for a connection...
2023-02-22 21:08:44.013 +02:00 [INF] Read 19 bytes from socket. 
 Data : This is a test<EOF>
2023-02-22 21:08:44.013 +02:00 [INF] Sent 19 bytes to client.
2023-02-22 21:08:44.365 +02:00 [INF] Response received : This is a test<EOF>
2023-02-22 21:08:44.365 +02:00 [INF] Socket connected to 127.0.0.1:11001
2023-02-22 21:08:44.365 +02:00 [INF] Sent 19 bytes to server.
2023-02-22 21:08:45.061 +02:00 [INF] Response received : This is a test<EOF>
2023-02-22 21:08:45.061 +02:00 [INF] Sent 19 bytes to server.
2023-02-22 21:08:45.061 +02:00 [INF] Socket connected to 127.0.0.1:11001
2023-02-22 21:08:45.069 +02:00 [INF] System.Net.Sockets.SocketException (0x80004005): A request to send or receive data was disallowed because the socket is not connected and (when sending on a datagram socket using a sendto call) no address was supplied
   at System.Net.Sockets.Socket.Shutdown(SocketShutdown how)
   at rpaSlayerRobot.AsynchronousClient.StartClient() in D:\New folder\CSE\grad.Proj\rpaSlayerRobot\rpaSlayerRobot\AsynchronousClient.cs:line 62
2023-02-22 21:08:45.631 +02:00 [INF] Socket connected to 127.0.0.1:11001
2023-02-22 21:08:45.631 +02:00 [INF] Sent 19 bytes to server.
2023-02-22 21:08:45.631 +02:00 [INF] Response received : This is a test<EOF>
2023-02-22 21:08:46.138 +02:00 [INF] Response received : This is a test<EOF>
2023-02-22 21:08:46.138 +02:00 [INF] Sent 19 bytes to server.
2023-02-22 21:08:46.138 +02:00 [INF] Socket connected to 127.0.0.1:11001
2023-02-22 21:08:46.756 +02:00 [INF] Response received : This is a test<EOF>
2023-02-22 21:08:46.756 +02:00 [INF] Socket connected to 127.0.0.1:11001
2023-02-22 21:08:46.756 +02:00 [INF] Sent 19 bytes to server.
2023-02-22 21:08:47.294 +02:00 [INF] Response received : This is a test<EOF>
2023-02-22 21:08:47.294 +02:00 [INF] Socket connected to 127.0.0.1:11001
2023-02-22 21:08:47.294 +02:00 [INF] Sent 19 bytes to server.
2023-02-22 21:08:47.849 +02:00 [INF] Socket connected to 127.0.0.1:11001
2023-02-22 21:08:47.849 +02:00 [INF] Sent 19 bytes to server.
2023-02-22 21:08:47.849 +02:00 [INF] Response received : This is a test<EOF>
2023-02-22 21:08:49.031 +02:00 [INF] Waiting for a connection...
2023-02-22 21:08:49.032 +02:00 [INF] Read 19 bytes from socket. 
 Data : This is a test<EOF>
2023-02-22 21:08:49.032 +02:00 [INF] Sent 19 bytes to client.
2023-02-22 21:08:54.036 +02:00 [INF] Waiting for a connection...
2023-02-22 21:08:54.036 +02:00 [INF] Read 19 bytes from socket. 
 Data : This is a test<EOF>
2023-02-22 21:08:54.037 +02:00 [INF] Sent 19 bytes to client.
2023-02-22 21:09:33.287 +02:00 [INF] Waiting for a connection...
2023-02-22 21:09:41.877 +02:00 [INF] Waiting for a connection...
2023-02-22 21:09:41.882 +02:00 [INF] Read 19 bytes from socket. 
 Data : This is a test<EOF>
2023-02-22 21:09:41.884 +02:00 [INF] Sent 19 bytes to client.
2023-02-22 21:09:46.887 +02:00 [INF] Waiting for a connection...
2023-02-22 21:09:46.887 +02:00 [INF] Read 19 bytes from socket. 
 Data : This is a test<EOF>
2023-02-22 21:09:46.887 +02:00 [INF] Sent 19 bytes to client.
2023-02-22 21:17:48.158 +02:00 [INF] Waiting for a connection...
2023-02-22 21:17:51.674 +02:00 [INF] Waiting for a connection...
2023-02-22 21:17:51.679 +02:00 [INF] Read 19 bytes from socket. 
 Data : This is a test<EOF>
2023-02-22 21:17:51.681 +02:00 [INF] Sent 19 bytes to client.
2023-02-22 21:17:54.693 +02:00 [INF] Waiting for a connection...
2023-02-22 21:17:54.693 +02:00 [INF] Read 19 bytes from socket. 
 Data : This is a test<EOF>
2023-02-22 21:17:54.694 +02:00 [INF] Sent 19 bytes to client.
2023-02-22 21:17:57.709 +02:00 [INF] Waiting for a connection...
2023-02-22 21:17:57.709 +02:00 [INF] Read 19 bytes from socket. 
 Data : This is a test<EOF>
2023-02-22 21:17:57.710 +02:00 [INF] Sent 19 bytes to client.
2023-02-22 21:18:00.725 +02:00 [INF] Waiting for a connection...
2023-02-22 21:18:00.725 +02:00 [INF] Read 19 bytes from socket. 
 Data : This is a test<EOF>
2023-02-22 21:18:00.725 +02:00 [INF] Sent 19 bytes to client.
2023-02-22 21:18:03.730 +02:00 [INF] Waiting for a connection...
2023-02-22 21:18:03.730 +02:00 [INF] Read 19 bytes from socket. 
 Data : This is a test<EOF>
2023-02-22 21:18:03.730 +02:00 [INF] Sent 19 bytes to client.
2023-02-22 21:18:06.746 +02:00 [INF] Waiting for a connection...
2023-02-22 21:18:06.746 +02:00 [INF] Read 19 bytes from socket. 
 Data : This is a test<EOF>
2023-02-22 21:18:06.746 +02:00 [INF] Sent 19 bytes to client.
2023-02-22 21:18:09.753 +02:00 [INF] Read 19 bytes from socket. 
 Data : This is a test<EOF>
2023-02-22 21:18:09.753 +02:00 [INF] Waiting for a connection...
2023-02-22 21:18:09.754 +02:00 [INF] Sent 19 bytes to client.
2023-02-22 21:18:12.762 +02:00 [INF] Waiting for a connection...
2023-02-22 21:18:12.762 +02:00 [INF] Read 19 bytes from socket. 
 Data : This is a test<EOF>
2023-02-22 21:18:12.762 +02:00 [INF] Sent 19 bytes to client.
2023-02-22 21:18:49.553 +02:00 [INF] Waiting for a connection...
2023-02-22 21:18:58.991 +02:00 [INF] Waiting for a connection...
2023-02-22 21:18:58.996 +02:00 [INF] Read 19 bytes from socket. 
 Data : This is a test<EOF>
2023-02-22 21:18:58.998 +02:00 [INF] Sent 19 bytes to client.
2023-02-22 21:19:02.011 +02:00 [INF] Waiting for a connection...
2023-02-22 21:19:02.011 +02:00 [INF] Read 19 bytes from socket. 
 Data : This is a test<EOF>
2023-02-22 21:19:02.012 +02:00 [INF] Sent 19 bytes to client.
2023-02-22 21:22:57.855 +02:00 [INF] Waiting for a connection...
2023-02-22 21:23:02.945 +02:00 [INF] Waiting for a connection...
2023-02-22 21:23:02.950 +02:00 [INF] Read 19 bytes from socket. 
 Data : This is a test<EOF>
2023-02-22 21:23:02.952 +02:00 [INF] Sent 19 bytes to client.
2023-02-22 21:23:05.956 +02:00 [INF] Waiting for a connection...
2023-02-22 21:23:05.957 +02:00 [INF] Read 19 bytes from socket. 
 Data : This is a test<EOF>
2023-02-22 21:23:05.957 +02:00 [INF] Sent 19 bytes to client.
2023-02-22 21:23:47.366 +02:00 [INF] Waiting for a connection...
2023-02-22 21:23:47.369 +02:00 [INF] Read 19 bytes from socket. 
 Data : This is a test<EOF>
2023-02-22 21:23:47.369 +02:00 [INF] Sent 19 bytes to client.
2023-02-22 21:23:50.388 +02:00 [INF] Waiting for a connection...
2023-02-22 21:23:50.388 +02:00 [INF] Read 19 bytes from socket. 
 Data : This is a test<EOF>
2023-02-22 21:23:50.389 +02:00 [INF] Sent 19 bytes to client.
2023-02-22 21:25:04.442 +02:00 [INF] Waiting for a connection...
2023-02-22 21:25:11.246 +02:00 [INF] Waiting for a connection...
2023-02-22 21:25:11.251 +02:00 [INF] Read 19 bytes from socket. 
 Data : This is a test<EOF>
2023-02-22 21:25:11.253 +02:00 [INF] Sent 19 bytes to client.
2023-02-22 21:25:14.270 +02:00 [INF] Waiting for a connection...
2023-02-22 21:25:14.271 +02:00 [INF] Read 19 bytes from socket. 
 Data : This is a test<EOF>
2023-02-22 21:25:31.821 +02:00 [INF] Waiting for a connection...
2023-02-22 21:25:45.159 +02:00 [INF] Waiting for a connection...
2023-02-22 21:25:45.164 +02:00 [INF] Read 19 bytes from socket. 
 Data : This is a test<EOF>
2023-02-22 21:25:45.166 +02:00 [INF] Sent 19 bytes to client.
2023-02-22 21:25:48.179 +02:00 [INF] Waiting for a connection...
2023-02-22 21:25:48.179 +02:00 [INF] Read 19 bytes from socket. 
 Data : This is a test<EOF>
2023-02-22 21:28:26.921 +02:00 [INF] Waiting for a connection...
2023-02-22 21:28:30.927 +02:00 [INF] Waiting for a connection...
2023-02-22 21:28:30.932 +02:00 [INF] Read 19 bytes from socket. 
 Data : This is a test<EOF>
2023-02-22 21:28:30.933 +02:00 [INF] Sent 19 bytes to client.
2023-02-22 21:28:33.939 +02:00 [INF] Waiting for a connection...
2023-02-22 21:28:33.939 +02:00 [INF] Read 19 bytes from socket. 
 Data : This is a test<EOF>
2023-02-22 21:28:47.715 +02:00 [INF] Waiting for a connection...
2023-02-22 21:28:50.333 +02:00 [INF] Waiting for a connection...
2023-02-22 21:28:50.338 +02:00 [INF] Read 19 bytes from socket. 
 Data : This is a test<EOF>
2023-02-22 21:28:50.339 +02:00 [INF] Sent 19 bytes to client.
2023-02-22 21:28:53.351 +02:00 [INF] Waiting for a connection...
2023-02-22 21:28:53.351 +02:00 [INF] Read 19 bytes from socket. 
 Data : This is a test<EOF>
2023-02-22 21:28:53.351 +02:00 [INF] Sent 19 bytes to client.
2023-02-22 21:28:56.367 +02:00 [INF] Waiting for a connection...
2023-02-22 21:28:56.367 +02:00 [INF] Read 19 bytes from socket. 
 Data : This is a test<EOF>
2023-02-22 21:28:56.368 +02:00 [INF] Sent 19 bytes to client.
2023-02-22 21:28:59.374 +02:00 [INF] Waiting for a connection...
2023-02-22 21:28:59.374 +02:00 [INF] Read 19 bytes from socket. 
 Data : This is a test<EOF>
2023-02-22 21:28:59.375 +02:00 [INF] Sent 19 bytes to client.
2023-02-22 21:29:02.384 +02:00 [INF] Waiting for a connection...
2023-02-22 21:29:02.384 +02:00 [INF] Read 19 bytes from socket. 
 Data : This is a test<EOF>
2023-02-22 21:29:02.384 +02:00 [INF] Sent 19 bytes to client.
2023-02-22 21:29:05.386 +02:00 [INF] Waiting for a connection...
2023-02-22 21:29:05.386 +02:00 [INF] Read 19 bytes from socket. 
 Data : This is a test<EOF>
2023-02-22 21:29:05.386 +02:00 [INF] Sent 19 bytes to client.
2023-02-22 21:29:08.390 +02:00 [INF] Waiting for a connection...
2023-02-22 21:29:08.390 +02:00 [INF] Read 19 bytes from socket. 
 Data : This is a test<EOF>
2023-02-22 21:29:08.390 +02:00 [INF] Sent 19 bytes to client.
2023-02-22 21:29:11.403 +02:00 [INF] Waiting for a connection...
2023-02-22 21:29:11.403 +02:00 [INF] Read 19 bytes from socket. 
 Data : This is a test<EOF>
2023-02-22 21:29:11.403 +02:00 [INF] Sent 19 bytes to client.
2023-02-22 21:29:14.405 +02:00 [INF] Waiting for a connection...
2023-02-22 21:29:14.405 +02:00 [INF] Read 19 bytes from socket. 
 Data : This is a test<EOF>
2023-02-22 21:29:14.406 +02:00 [INF] Sent 19 bytes to client.
2023-02-22 21:29:17.424 +02:00 [INF] Waiting for a connection...
2023-02-22 21:29:17.424 +02:00 [INF] Read 19 bytes from socket. 
 Data : This is a test<EOF>
2023-02-22 21:29:17.425 +02:00 [INF] Sent 19 bytes to client.
2023-02-22 21:29:20.428 +02:00 [INF] Waiting for a connection...
2023-02-22 21:29:20.428 +02:00 [INF] Read 19 bytes from socket. 
 Data : This is a test<EOF>
2023-02-22 21:29:20.429 +02:00 [INF] Sent 19 bytes to client.
2023-02-22 21:29:23.432 +02:00 [INF] Waiting for a connection...
2023-02-22 21:29:23.432 +02:00 [INF] Read 19 bytes from socket. 
 Data : This is a test<EOF>
2023-02-22 21:29:23.433 +02:00 [INF] Sent 19 bytes to client.
2023-02-22 21:29:26.447 +02:00 [INF] Waiting for a connection...
2023-02-22 21:29:26.447 +02:00 [INF] Read 19 bytes from socket. 
 Data : This is a test<EOF>
2023-02-22 21:29:26.448 +02:00 [INF] Sent 19 bytes to client.
2023-02-22 21:29:29.457 +02:00 [INF] Waiting for a connection...
2023-02-22 21:29:29.458 +02:00 [INF] Read 19 bytes from socket. 
 Data : This is a test<EOF>
2023-02-22 21:29:29.458 +02:00 [INF] Sent 19 bytes to client.
2023-02-22 21:29:32.463 +02:00 [INF] Waiting for a connection...
2023-02-22 21:29:32.463 +02:00 [INF] Read 19 bytes from socket. 
 Data : This is a test<EOF>
2023-02-22 21:29:32.463 +02:00 [INF] Sent 19 bytes to client.
2023-02-22 21:29:33.769 +02:00 [INF] Socket connected to 127.0.0.1:11001
2023-02-22 21:29:33.770 +02:00 [INF] Sent 19 bytes to server.
2023-02-22 21:29:33.771 +02:00 [INF] Response received : This is a test<EOF>
2023-02-22 21:29:34.338 +02:00 [INF] Socket connected to 127.0.0.1:11001
2023-02-22 21:29:34.338 +02:00 [INF] Response received : This is a test<EOF>
2023-02-22 21:29:34.338 +02:00 [INF] Sent 19 bytes to server.
2023-02-22 21:29:34.801 +02:00 [INF] Response received : This is a test<EOF>
2023-02-22 21:29:34.801 +02:00 [INF] Socket connected to 127.0.0.1:11001
2023-02-22 21:29:34.802 +02:00 [INF] Sent 19 bytes to server.
2023-02-22 21:29:35.275 +02:00 [INF] Socket connected to 127.0.0.1:11001
2023-02-22 21:29:35.275 +02:00 [INF] Sent 19 bytes to server.
2023-02-22 21:29:35.275 +02:00 [INF] Response received : This is a test<EOF>
2023-02-22 21:29:35.468 +02:00 [INF] Waiting for a connection...
2023-02-22 21:29:35.468 +02:00 [INF] Read 19 bytes from socket. 
 Data : This is a test<EOF>
2023-02-22 21:29:35.468 +02:00 [INF] Sent 19 bytes to client.
2023-02-22 21:29:35.706 +02:00 [INF] Socket connected to 127.0.0.1:11001
2023-02-22 21:29:35.706 +02:00 [INF] Sent 19 bytes to server.
2023-02-22 21:29:35.706 +02:00 [INF] Response received : This is a test<EOF>
2023-02-22 21:29:36.148 +02:00 [INF] Socket connected to 127.0.0.1:11001
2023-02-22 21:29:36.148 +02:00 [INF] Sent 19 bytes to server.
2023-02-22 21:29:36.148 +02:00 [INF] Response received : This is a test<EOF>
2023-02-22 21:29:38.479 +02:00 [INF] Waiting for a connection...
2023-02-22 21:29:38.479 +02:00 [INF] Read 19 bytes from socket. 
 Data : This is a test<EOF>
2023-02-22 21:29:38.479 +02:00 [INF] Sent 19 bytes to client.
2023-02-22 21:30:21.980 +02:00 [INF] Waiting for a connection...
2023-02-22 21:30:26.799 +02:00 [INF] Waiting for a connection...
2023-02-22 21:30:26.806 +02:00 [INF] Read 19 bytes from socket. 
 Data : This is a test<EOF>
2023-02-22 21:30:26.809 +02:00 [INF] Sent 19 bytes to client.
2023-02-22 21:30:29.820 +02:00 [INF] Waiting for a connection...
2023-02-22 21:30:29.820 +02:00 [INF] Read 19 bytes from socket. 
 Data : This is a test<EOF>
2023-02-22 21:30:29.821 +02:00 [INF] Sent 19 bytes to client.
2023-02-22 21:30:32.838 +02:00 [INF] Waiting for a connection...
2023-02-22 21:30:32.838 +02:00 [INF] Read 19 bytes from socket. 
 Data : This is a test<EOF>
2023-02-22 21:30:32.839 +02:00 [INF] Sent 19 bytes to client.
2023-02-22 21:30:35.851 +02:00 [INF] Waiting for a connection...
2023-02-22 21:30:35.851 +02:00 [INF] Read 19 bytes from socket. 
 Data : This is a test<EOF>
2023-02-22 21:30:35.851 +02:00 [INF] Sent 19 bytes to client.
2023-02-22 21:30:38.866 +02:00 [INF] Waiting for a connection...
2023-02-22 21:30:38.866 +02:00 [INF] Read 19 bytes from socket. 
 Data : This is a test<EOF>
2023-02-22 21:30:38.866 +02:00 [INF] Sent 19 bytes to client.
2023-02-22 21:30:41.879 +02:00 [INF] Waiting for a connection...
2023-02-22 21:30:41.879 +02:00 [INF] Read 19 bytes from socket. 
 Data : This is a test<EOF>
2023-02-22 21:30:41.879 +02:00 [INF] Sent 19 bytes to client.
2023-02-22 21:30:44.884 +02:00 [INF] Waiting for a connection...
2023-02-22 21:30:44.884 +02:00 [INF] Read 19 bytes from socket. 
 Data : This is a test<EOF>
2023-02-22 21:30:44.884 +02:00 [INF] Sent 19 bytes to client.
2023-02-22 21:30:47.901 +02:00 [INF] Waiting for a connection...
2023-02-22 21:30:47.902 +02:00 [INF] Read 19 bytes from socket. 
 Data : This is a test<EOF>
2023-02-22 21:30:47.902 +02:00 [INF] Sent 19 bytes to client.
2023-02-22 21:30:50.913 +02:00 [INF] Waiting for a connection...
2023-02-22 21:30:50.914 +02:00 [INF] Read 19 bytes from socket. 
 Data : This is a test<EOF>
2023-02-22 21:30:50.914 +02:00 [INF] Sent 19 bytes to client.
2023-02-22 21:30:53.916 +02:00 [INF] Waiting for a connection...
2023-02-22 21:30:53.917 +02:00 [INF] Read 19 bytes from socket. 
 Data : This is a test<EOF>
2023-02-22 21:30:53.917 +02:00 [INF] Sent 19 bytes to client.
2023-02-22 21:30:56.921 +02:00 [INF] Waiting for a connection...
2023-02-22 21:30:56.922 +02:00 [INF] Read 19 bytes from socket. 
 Data : This is a test<EOF>
2023-02-22 21:30:56.922 +02:00 [INF] Sent 19 bytes to client.
2023-02-22 21:30:59.938 +02:00 [INF] Waiting for a connection...
2023-02-22 21:30:59.938 +02:00 [INF] Read 19 bytes from socket. 
 Data : This is a test<EOF>
2023-02-22 21:30:59.939 +02:00 [INF] Sent 19 bytes to client.
2023-02-22 21:31:02.953 +02:00 [INF] Waiting for a connection...
2023-02-22 21:31:02.954 +02:00 [INF] Read 19 bytes from socket. 
 Data : This is a test<EOF>
2023-02-22 21:31:02.954 +02:00 [INF] Sent 19 bytes to client.
2023-02-22 21:31:05.967 +02:00 [INF] Waiting for a connection...
2023-02-22 21:31:05.967 +02:00 [INF] Read 19 bytes from socket. 
 Data : This is a test<EOF>
2023-02-22 21:31:05.968 +02:00 [INF] Sent 19 bytes to client.
2023-02-22 21:31:08.975 +02:00 [INF] Waiting for a connection...
2023-02-22 21:31:08.975 +02:00 [INF] Read 19 bytes from socket. 
 Data : This is a test<EOF>
2023-02-22 21:31:08.975 +02:00 [INF] Sent 19 bytes to client.
2023-02-22 21:31:11.992 +02:00 [INF] Waiting for a connection...
2023-02-22 21:31:11.992 +02:00 [INF] Read 19 bytes from socket. 
 Data : This is a test<EOF>
2023-02-22 21:31:11.992 +02:00 [INF] Sent 19 bytes to client.
2023-02-22 21:31:15.003 +02:00 [INF] Waiting for a connection...
2023-02-22 21:31:15.003 +02:00 [INF] Read 19 bytes from socket. 
 Data : This is a test<EOF>
2023-02-22 21:31:15.004 +02:00 [INF] Sent 19 bytes to client.
2023-02-22 21:31:18.006 +02:00 [INF] Waiting for a connection...
2023-02-22 21:31:18.006 +02:00 [INF] Read 19 bytes from socket. 
 Data : This is a test<EOF>
2023-02-22 21:31:18.006 +02:00 [INF] Sent 19 bytes to client.
2023-02-22 21:31:21.011 +02:00 [INF] Waiting for a connection...
2023-02-22 21:31:21.011 +02:00 [INF] Read 19 bytes from socket. 
 Data : This is a test<EOF>
2023-02-22 21:31:21.011 +02:00 [INF] Sent 19 bytes to client.
2023-02-22 21:31:24.025 +02:00 [INF] Waiting for a connection...
2023-02-22 21:31:24.025 +02:00 [INF] Read 19 bytes from socket. 
 Data : This is a test<EOF>
2023-02-22 21:31:24.026 +02:00 [INF] Sent 19 bytes to client.
2023-02-22 21:31:27.042 +02:00 [INF] Waiting for a connection...
2023-02-22 21:31:27.042 +02:00 [INF] Read 19 bytes from socket. 
 Data : This is a test<EOF>
2023-02-22 21:31:27.043 +02:00 [INF] Sent 19 bytes to client.
2023-02-22 21:31:30.058 +02:00 [INF] Waiting for a connection...
2023-02-22 21:31:30.058 +02:00 [INF] Read 19 bytes from socket. 
 Data : This is a test<EOF>
2023-02-22 21:31:30.058 +02:00 [INF] Sent 19 bytes to client.
2023-02-22 21:31:33.064 +02:00 [INF] Waiting for a connection...
2023-02-22 21:31:33.065 +02:00 [INF] Read 19 bytes from socket. 
 Data : This is a test<EOF>
2023-02-22 21:31:33.065 +02:00 [INF] Sent 19 bytes to client.
2023-02-22 21:31:36.068 +02:00 [INF] Waiting for a connection...
2023-02-22 21:31:36.068 +02:00 [INF] Read 19 bytes from socket. 
 Data : This is a test<EOF>
2023-02-22 21:31:36.069 +02:00 [INF] Sent 19 bytes to client.
2023-02-22 21:31:39.079 +02:00 [INF] Read 19 bytes from socket. 
 Data : This is a test<EOF>
2023-02-22 21:31:39.079 +02:00 [INF] Waiting for a connection...
2023-02-22 21:31:39.079 +02:00 [INF] Sent 19 bytes to client.
2023-02-22 21:31:40.309 +02:00 [INF] Socket connected to 127.0.0.1:11001
2023-02-22 21:31:40.309 +02:00 [INF] Sent 19 bytes to server.
2023-02-22 21:31:40.311 +02:00 [INF] Response received : This is a test<EOF>
2023-02-22 21:31:41.026 +02:00 [INF] Socket connected to 127.0.0.1:11001
2023-02-22 21:31:41.027 +02:00 [INF] Sent 19 bytes to server.
2023-02-22 21:31:41.026 +02:00 [INF] Response received : This is a test<EOF>
2023-02-22 21:31:41.521 +02:00 [INF] Response received : This is a test<EOF>
2023-02-22 21:31:41.521 +02:00 [INF] Socket connected to 127.0.0.1:11001
2023-02-22 21:31:41.521 +02:00 [INF] Sent 19 bytes to server.
2023-02-22 21:31:42.084 +02:00 [INF] Waiting for a connection...
2023-02-22 21:31:42.084 +02:00 [INF] Read 19 bytes from socket. 
 Data : This is a test<EOF>
2023-02-22 21:31:42.085 +02:00 [INF] Sent 19 bytes to client.
2023-02-22 21:31:45.103 +02:00 [INF] Waiting for a connection...
2023-02-22 21:31:45.103 +02:00 [INF] Read 19 bytes from socket. 
 Data : This is a test<EOF>
2023-02-22 21:31:45.103 +02:00 [INF] Sent 19 bytes to client.
2023-02-22 21:31:48.121 +02:00 [INF] Waiting for a connection...
2023-02-22 21:31:48.121 +02:00 [INF] Read 19 bytes from socket. 
 Data : This is a test<EOF>
2023-02-22 21:31:48.121 +02:00 [INF] Sent 19 bytes to client.
2023-02-22 21:31:51.138 +02:00 [INF] Waiting for a connection...
2023-02-22 21:31:51.139 +02:00 [INF] Read 19 bytes from socket. 
 Data : This is a test<EOF>
2023-02-22 21:31:51.139 +02:00 [INF] Sent 19 bytes to client.
2023-02-22 21:31:54.154 +02:00 [INF] Waiting for a connection...
2023-02-22 21:31:54.154 +02:00 [INF] Read 19 bytes from socket. 
 Data : This is a test<EOF>
2023-02-22 21:31:54.154 +02:00 [INF] Sent 19 bytes to client.
2023-02-22 21:31:57.166 +02:00 [INF] Waiting for a connection...
2023-02-22 21:31:57.166 +02:00 [INF] Read 19 bytes from socket. 
 Data : This is a test<EOF>
2023-02-22 21:31:57.166 +02:00 [INF] Sent 19 bytes to client.
2023-02-22 21:32:00.183 +02:00 [INF] Waiting for a connection...
2023-02-22 21:32:00.183 +02:00 [INF] Read 19 bytes from socket. 
 Data : This is a test<EOF>
2023-02-22 21:32:00.184 +02:00 [INF] Sent 19 bytes to client.
2023-02-22 21:32:03.191 +02:00 [INF] Waiting for a connection...
2023-02-22 21:32:03.191 +02:00 [INF] Read 19 bytes from socket. 
 Data : This is a test<EOF>
2023-02-22 21:32:03.192 +02:00 [INF] Sent 19 bytes to client.
2023-02-22 21:32:06.200 +02:00 [INF] Waiting for a connection...
2023-02-22 21:32:06.200 +02:00 [INF] Read 19 bytes from socket. 
 Data : This is a test<EOF>
2023-02-22 21:32:06.200 +02:00 [INF] Sent 19 bytes to client.
2023-02-22 21:32:09.204 +02:00 [INF] Waiting for a connection...
2023-02-22 21:32:09.204 +02:00 [INF] Read 19 bytes from socket. 
 Data : This is a test<EOF>
2023-02-22 21:32:09.205 +02:00 [INF] Sent 19 bytes to client.
2023-02-22 21:32:12.209 +02:00 [INF] Waiting for a connection...
2023-02-22 21:32:12.210 +02:00 [INF] Read 19 bytes from socket. 
 Data : This is a test<EOF>
2023-02-22 21:32:12.210 +02:00 [INF] Sent 19 bytes to client.
2023-02-22 21:32:15.228 +02:00 [INF] Waiting for a connection...
2023-02-22 21:32:15.228 +02:00 [INF] Read 19 bytes from socket. 
 Data : This is a test<EOF>
2023-02-22 21:32:15.228 +02:00 [INF] Sent 19 bytes to client.
2023-02-22 21:32:18.245 +02:00 [INF] Waiting for a connection...
2023-02-22 21:32:18.245 +02:00 [INF] Read 19 bytes from socket. 
 Data : This is a test<EOF>
2023-02-22 21:32:18.245 +02:00 [INF] Sent 19 bytes to client.
2023-02-22 21:32:21.251 +02:00 [INF] Waiting for a connection...
2023-02-22 21:32:21.251 +02:00 [INF] Read 19 bytes from socket. 
 Data : This is a test<EOF>
2023-02-22 21:32:21.252 +02:00 [INF] Sent 19 bytes to client.
2023-02-22 21:39:52.601 +02:00 [INF] Waiting for a connection...
2023-02-22 21:39:57.998 +02:00 [INF] Waiting for a connection...
2023-02-22 21:39:58.003 +02:00 [INF] Read 19 bytes from socket. 
 Data : This is a test<EOF>
2023-02-22 21:39:58.005 +02:00 [INF] Sent 19 bytes to client.
2023-02-22 21:40:01.015 +02:00 [INF] Waiting for a connection...
2023-02-22 21:40:01.015 +02:00 [INF] Read 19 bytes from socket. 
 Data : This is a test<EOF>
2023-02-22 21:40:01.016 +02:00 [INF] Sent 19 bytes to client.
2023-02-22 21:44:23.671 +02:00 [INF] Waiting for a connection...
2023-02-22 21:44:23.674 +02:00 [INF] Read 19 bytes from socket. 
 Data : This is a test<EOF>
2023-02-22 21:44:23.674 +02:00 [INF] Sent 19 bytes to client.
2023-02-22 21:44:26.681 +02:00 [INF] Waiting for a connection...
2023-02-22 21:44:26.681 +02:00 [INF] Read 19 bytes from socket. 
 Data : This is a test<EOF>
2023-02-22 21:44:26.681 +02:00 [INF] Sent 19 bytes to client.
2023-02-22 21:47:35.106 +02:00 [INF] Waiting for a connection...
2023-02-22 21:48:19.312 +02:00 [INF] Waiting for a connection...
2023-02-22 21:48:26.246 +02:00 [INF] Waiting for a connection...
2023-02-22 21:48:26.251 +02:00 [INF] Read 19 bytes from socket. 
 Data : This is a test<EOF>
2023-02-22 21:48:26.253 +02:00 [INF] Sent 19 bytes to client.
2023-02-22 21:48:29.261 +02:00 [INF] Waiting for a connection...
2023-02-22 21:48:29.262 +02:00 [INF] Read 19 bytes from socket. 
 Data : This is a test<EOF>
2023-02-22 21:48:29.262 +02:00 [INF] Sent 19 bytes to client.
2023-02-22 21:53:46.094 +02:00 [INF] Waiting for a connection...
2023-02-22 21:54:07.689 +02:00 [INF] Waiting for a connection...
2023-02-22 21:54:07.694 +02:00 [INF] Read 19 bytes from socket. 
 Data : This is a test<EOF>
2023-02-22 21:54:07.696 +02:00 [INF] Sent 19 bytes to client.
2023-02-22 21:54:10.711 +02:00 [INF] Waiting for a connection...
2023-02-22 21:54:10.711 +02:00 [INF] Read 19 bytes from socket. 
 Data : This is a test<EOF>
2023-02-22 21:54:10.711 +02:00 [INF] Sent 19 bytes to client.
2023-02-22 21:57:10.943 +02:00 [INF] Waiting for a connection...
2023-02-22 21:57:20.597 +02:00 [INF] Waiting for a connection...
2023-02-22 21:57:20.603 +02:00 [INF] Read 19 bytes from socket. 
 Data : This is a test<EOF>
2023-02-22 21:57:20.605 +02:00 [INF] Sent 19 bytes to client.
2023-02-22 21:57:23.608 +02:00 [INF] Waiting for a connection...
2023-02-22 21:57:23.608 +02:00 [INF] Read 19 bytes from socket. 
 Data : This is a test<EOF>
2023-02-22 21:57:23.608 +02:00 [INF] Sent 19 bytes to client.
2023-02-22 22:00:33.664 +02:00 [INF] Waiting for a connection...
2023-02-22 22:00:50.008 +02:00 [INF] Waiting for a connection...
2023-02-22 22:00:50.013 +02:00 [INF] Read 19 bytes from socket. 
 Data : This is a test<EOF>
2023-02-22 22:00:50.016 +02:00 [INF] Sent 19 bytes to client.
2023-02-22 22:00:53.034 +02:00 [INF] Waiting for a connection...
2023-02-22 22:00:53.035 +02:00 [INF] Read 19 bytes from socket. 
 Data : This is a test<EOF>
2023-02-22 22:00:53.035 +02:00 [INF] Sent 19 bytes to client.
2023-02-22 22:14:49.022 +02:00 [INF] Waiting for a connection...
2023-02-22 22:14:55.404 +02:00 [INF] Waiting for a connection...
2023-02-22 22:14:55.409 +02:00 [INF] Read 19 bytes from socket. 
 Data : This is a test<EOF>
2023-02-22 22:14:55.411 +02:00 [INF] Sent 19 bytes to client.
2023-02-22 22:20:10.411 +02:00 [INF] Waiting for a connection...
2023-02-22 22:20:15.129 +02:00 [INF] Waiting for a connection...
2023-02-22 22:20:15.135 +02:00 [INF] Read 19 bytes from socket. 
 Data : This is a test<EOF>
2023-02-22 22:20:15.137 +02:00 [INF] Sent 19 bytes to client.
2023-02-22 22:25:33.207 +02:00 [INF] Waiting for a connection...
2023-02-22 22:25:38.266 +02:00 [INF] Waiting for a connection...
2023-02-22 22:25:38.271 +02:00 [INF] Read 19 bytes from socket. 
 Data : This is a test<EOF>
2023-02-22 22:25:38.273 +02:00 [INF] Sent 19 bytes to client.
2023-02-22 22:25:44.323 +02:00 [INF] Waiting for a connection...
2023-02-22 22:25:44.323 +02:00 [INF] Read 19 bytes from socket. 
 Data : This is a test<EOF>
2023-02-22 22:25:44.323 +02:00 [INF] Sent 19 bytes to client.
2023-02-22 22:25:50.357 +02:00 [INF] Waiting for a connection...
2023-02-22 22:25:50.357 +02:00 [INF] Read 19 bytes from socket. 
 Data : This is a test<EOF>
2023-02-22 22:25:50.358 +02:00 [INF] Sent 19 bytes to client.
2023-02-22 22:25:56.363 +02:00 [INF] Waiting for a connection...
2023-02-22 22:25:56.364 +02:00 [INF] Read 19 bytes from socket. 
 Data : This is a test<EOF>
2023-02-22 22:25:56.364 +02:00 [INF] Sent 19 bytes to client.
2023-02-22 22:26:02.374 +02:00 [INF] Waiting for a connection...
2023-02-22 22:26:02.374 +02:00 [INF] Read 19 bytes from socket. 
 Data : This is a test<EOF>
2023-02-22 22:26:02.375 +02:00 [INF] Sent 19 bytes to client.
2023-02-22 22:28:34.601 +02:00 [INF] Waiting for a connection...
2023-02-22 22:28:41.691 +02:00 [INF] Waiting for a connection...
2023-02-22 22:28:41.696 +02:00 [INF] Read 19 bytes from socket. 
 Data : This is a test<EOF>
2023-02-22 22:28:41.698 +02:00 [INF] Sent 19 bytes to client.
2023-02-22 22:28:47.747 +02:00 [INF] Waiting for a connection...
2023-02-22 22:28:47.747 +02:00 [INF] Read 19 bytes from socket. 
 Data : This is a test<EOF>
2023-02-22 22:28:47.748 +02:00 [INF] Sent 19 bytes to client.
2023-02-22 22:28:47.749 +02:00 [INF] Waiting for a connection...
2023-02-22 22:28:50.756 +02:00 [INF] Read 19 bytes from socket. 
 Data : This is a test<EOF>
2023-02-22 22:28:50.756 +02:00 [INF] Sent 19 bytes to client.
2023-02-22 22:28:56.777 +02:00 [INF] Waiting for a connection...
2023-02-22 22:28:56.777 +02:00 [INF] Read 19 bytes from socket. 
 Data : This is a test<EOF>
2023-02-22 22:28:56.777 +02:00 [INF] Sent 19 bytes to client.
2023-02-22 22:28:56.779 +02:00 [INF] Waiting for a connection...
2023-02-22 22:28:59.781 +02:00 [INF] Read 19 bytes from socket. 
 Data : This is a test<EOF>
2023-02-22 22:28:59.781 +02:00 [INF] Sent 19 bytes to client.
2023-02-22 22:34:37.020 +02:00 [INF] Waiting for a connection...
2023-02-22 22:35:03.761 +02:00 [INF] Waiting for a connection...
2023-02-22 22:35:03.766 +02:00 [INF] Read 19 bytes from socket. 
 Data : This is a test<EOF>
2023-02-22 22:35:03.768 +02:00 [INF] Sent 19 bytes to client.
2023-02-22 22:37:13.605 +02:00 [INF] Waiting for a connection...
2023-02-22 22:37:26.955 +02:00 [INF] Waiting for a connection...
2023-02-22 22:37:50.764 +02:00 [INF] Waiting for a connection...
2023-02-22 22:37:50.769 +02:00 [INF] Read 19 bytes from socket. 
 Data : This is a test<EOF>
2023-02-22 22:37:50.772 +02:00 [INF] Sent 19 bytes to client.
2023-02-22 22:39:10.710 +02:00 [INF] Waiting for a connection...
2023-02-22 22:39:23.849 +02:00 [INF] Waiting for a connection...
2023-02-22 22:39:23.854 +02:00 [INF] Read 19 bytes from socket. 
 Data : This is a test<EOF>
2023-02-22 22:39:23.856 +02:00 [INF] Sent 19 bytes to client.
2023-02-22 22:42:19.820 +02:00 [INF] Waiting for a connection...
2023-02-22 22:42:22.836 +02:00 [INF] Waiting for a connection...
2023-02-22 22:42:22.842 +02:00 [INF] Read 19 bytes from socket. 
 Data : This is a test<EOF>
2023-02-22 22:42:22.844 +02:00 [INF] Sent 19 bytes to client.
2023-02-22 22:45:47.405 +02:00 [INF] Waiting for a connection...
2023-02-22 22:45:51.170 +02:00 [INF] Waiting for a connection...
2023-02-22 22:45:51.174 +02:00 [INF] Read 19 bytes from socket. 
 Data : This is a test<EOF>
2023-02-22 22:45:51.177 +02:00 [INF] Sent 19 bytes to client.
2023-02-22 22:50:28.381 +02:00 [INF] Waiting for a connection...
2023-02-22 22:50:30.866 +02:00 [INF] Waiting for a connection...
2023-02-22 22:51:50.684 +02:00 [INF] Waiting for a connection...
2023-02-22 22:51:55.000 +02:00 [INF] Waiting for a connection...
2023-02-22 22:51:55.005 +02:00 [INF] Read 19 bytes from socket. 
 Data : This is a test<EOF>
2023-02-22 22:51:55.007 +02:00 [INF] Sent 19 bytes to client.
2023-02-22 22:52:40.959 +02:00 [INF] Waiting for a connection...
2023-02-22 22:52:40.963 +02:00 [INF] Read 19 bytes from socket. 
 Data : This is a test<EOF>
2023-02-22 22:52:40.963 +02:00 [INF] Sent 19 bytes to client.
2023-02-22 22:53:51.119 +02:00 [INF] Waiting for a connection...
2023-02-22 22:53:53.839 +02:00 [INF] Waiting for a connection...
2023-02-22 22:53:53.844 +02:00 [INF] Read 19 bytes from socket. 
 Data : This is a test<EOF>
2023-02-22 22:53:53.846 +02:00 [INF] Sent 19 bytes to client.
2023-02-22 22:55:26.329 +02:00 [INF] Waiting for a connection...
2023-02-22 22:55:28.389 +02:00 [INF] Waiting for a connection...
2023-02-22 22:55:28.394 +02:00 [INF] Read 19 bytes from socket. 
 Data : This is a test<EOF>
2023-02-22 22:55:28.396 +02:00 [INF] Sent 19 bytes to client.
2023-02-22 23:13:33.723 +02:00 [INF] Waiting for a connection...
2023-02-22 23:13:56.577 +02:00 [INF] Socket connected to 127.0.0.1:11001
2023-02-22 23:13:56.580 +02:00 [INF] Sent 19 bytes to server.
2023-02-22 23:13:56.583 +02:00 [INF] Response received : This is a test<EOF>
2023-02-22 23:13:58.549 +02:00 [INF] Response received : This is a test<EOF>
2023-02-22 23:13:58.549 +02:00 [INF] Socket connected to 127.0.0.1:11001
2023-02-22 23:14:57.167 +02:00 [INF] Response received : This is a test<EOF>
2023-02-22 23:14:57.167 +02:00 [INF] Socket connected to 127.0.0.1:11001
2023-02-22 23:14:57.167 +02:00 [INF] Sent 19 bytes to server.
2023-02-22 23:14:57.334 +02:00 [INF] Response received : This is a test<EOF>
2023-02-22 23:14:57.334 +02:00 [INF] Socket connected to 127.0.0.1:11001
2023-02-22 23:14:57.541 +02:00 [INF] Response received : This is a test<EOF>
2023-02-22 23:14:57.541 +02:00 [INF] Socket connected to 127.0.0.1:11001
2023-02-22 23:14:57.541 +02:00 [INF] Sent 19 bytes to server.
2023-02-22 23:14:57.854 +02:00 [INF] Response received : This is a test<EOF>
2023-02-22 23:14:57.854 +02:00 [INF] Socket connected to 127.0.0.1:11001
2023-02-22 23:14:57.854 +02:00 [INF] Sent 19 bytes to server.
2023-02-22 23:14:58.223 +02:00 [INF] Response received : This is a test<EOF>
2023-02-22 23:14:58.223 +02:00 [INF] Sent 19 bytes to server.
2023-02-22 23:14:58.223 +02:00 [INF] Socket connected to 127.0.0.1:11001
2023-02-22 23:14:58.599 +02:00 [INF] Response received : This is a test<EOF>
2023-02-22 23:14:58.599 +02:00 [INF] Socket connected to 127.0.0.1:11001
2023-02-22 23:14:58.599 +02:00 [INF] Sent 19 bytes to server.
2023-02-22 23:14:59.206 +02:00 [INF] Response received : This is a test<EOF>
2023-02-22 23:14:59.206 +02:00 [INF] Sent 19 bytes to server.
2023-02-22 23:14:59.206 +02:00 [INF] Socket connected to 127.0.0.1:11001
2023-02-22 23:14:59.710 +02:00 [INF] Socket connected to 127.0.0.1:11001
2023-02-22 23:14:59.710 +02:00 [INF] Response received : This is a test<EOF>
2023-02-22 23:14:59.710 +02:00 [INF] Sent 19 bytes to server.
2023-02-23 17:27:40.627 +02:00 [INF] Waiting for a connection...
