2023-02-22 22:20:15.105 +02:00 [INF] Service is started
2023-02-22 22:20:15.128 +02:00 [INF] Waiting for a connection...
2023-02-22 22:20:15.131 +02:00 [INF] Socket connected to 127.0.0.1:13000
2023-02-22 22:20:15.134 +02:00 [INF] Sent 19 bytes to server.
2023-02-22 22:20:15.138 +02:00 [INF] Response received : This is a test<EOF>
2023-02-22 22:20:18.150 +02:00 [INF] Sent 19 bytes to server.
2023-02-22 22:20:18.183 +02:00 [INF] System.Net.Sockets.SocketException (0x80004005): An established connection was aborted by the software in your host machine
   at System.Net.Sockets.Socket.BeginReceive(Byte[] buffer, Int32 offset, Int32 size, SocketFlags socketFlags, AsyncCallback callback, Object state)
   at rpaService.AsynchronousClient.Receive(Socket client) in D:\New folder\CSE\grad.Proj\rpaSlayerRobot\rpaService\AsynchronousClient.cs:line 98
2023-02-22 22:20:18.183 +02:00 [INF] Response received : This is a test<EOF>
2023-02-22 22:20:21.189 +02:00 [INF] System.Net.Sockets.SocketException (0x80004005): An established connection was aborted by the software in your host machine
   at System.Net.Sockets.Socket.BeginSend(Byte[] buffer, Int32 offset, Int32 size, SocketFlags socketFlags, AsyncCallback callback, Object state)
   at rpaService.AsynchronousClient.Send(Socket client, String data) in D:\New folder\CSE\grad.Proj\rpaSlayerRobot\rpaService\AsynchronousClient.cs:line 151
   at rpaService.AsynchronousClient.StartClient() in D:\New folder\CSE\grad.Proj\rpaSlayerRobot\rpaService\AsynchronousClient.cs:line 37
2023-02-22 22:20:24.199 +02:00 [INF] System.Net.Sockets.SocketException (0x80004005): An established connection was aborted by the software in your host machine
   at System.Net.Sockets.Socket.BeginSend(Byte[] buffer, Int32 offset, Int32 size, SocketFlags socketFlags, AsyncCallback callback, Object state)
   at rpaService.AsynchronousClient.Send(Socket client, String data) in D:\New folder\CSE\grad.Proj\rpaSlayerRobot\rpaService\AsynchronousClient.cs:line 151
   at rpaService.AsynchronousClient.StartClient() in D:\New folder\CSE\grad.Proj\rpaSlayerRobot\rpaService\AsynchronousClient.cs:line 37
2023-02-22 22:20:27.205 +02:00 [INF] System.Net.Sockets.SocketException (0x80004005): An established connection was aborted by the software in your host machine
   at System.Net.Sockets.Socket.BeginSend(Byte[] buffer, Int32 offset, Int32 size, SocketFlags socketFlags, AsyncCallback callback, Object state)
   at rpaService.AsynchronousClient.Send(Socket client, String data) in D:\New folder\CSE\grad.Proj\rpaSlayerRobot\rpaService\AsynchronousClient.cs:line 151
   at rpaService.AsynchronousClient.StartClient() in D:\New folder\CSE\grad.Proj\rpaSlayerRobot\rpaService\AsynchronousClient.cs:line 37
2023-02-22 22:20:30.210 +02:00 [INF] System.Net.Sockets.SocketException (0x80004005): An established connection was aborted by the software in your host machine
   at System.Net.Sockets.Socket.BeginSend(Byte[] buffer, Int32 offset, Int32 size, SocketFlags socketFlags, AsyncCallback callback, Object state)
   at rpaService.AsynchronousClient.Send(Socket client, String data) in D:\New folder\CSE\grad.Proj\rpaSlayerRobot\rpaService\AsynchronousClient.cs:line 151
   at rpaService.AsynchronousClient.StartClient() in D:\New folder\CSE\grad.Proj\rpaSlayerRobot\rpaService\AsynchronousClient.cs:line 37
2023-02-22 22:20:33.218 +02:00 [INF] System.Net.Sockets.SocketException (0x80004005): An established connection was aborted by the software in your host machine
   at System.Net.Sockets.Socket.BeginSend(Byte[] buffer, Int32 offset, Int32 size, SocketFlags socketFlags, AsyncCallback callback, Object state)
   at rpaService.AsynchronousClient.Send(Socket client, String data) in D:\New folder\CSE\grad.Proj\rpaSlayerRobot\rpaService\AsynchronousClient.cs:line 151
   at rpaService.AsynchronousClient.StartClient() in D:\New folder\CSE\grad.Proj\rpaSlayerRobot\rpaService\AsynchronousClient.cs:line 37
2023-02-22 22:20:36.229 +02:00 [INF] System.Net.Sockets.SocketException (0x80004005): An established connection was aborted by the software in your host machine
   at System.Net.Sockets.Socket.BeginSend(Byte[] buffer, Int32 offset, Int32 size, SocketFlags socketFlags, AsyncCallback callback, Object state)
   at rpaService.AsynchronousClient.Send(Socket client, String data) in D:\New folder\CSE\grad.Proj\rpaSlayerRobot\rpaService\AsynchronousClient.cs:line 151
   at rpaService.AsynchronousClient.StartClient() in D:\New folder\CSE\grad.Proj\rpaSlayerRobot\rpaService\AsynchronousClient.cs:line 37
2023-02-22 22:20:39.246 +02:00 [INF] System.Net.Sockets.SocketException (0x80004005): An established connection was aborted by the software in your host machine
   at System.Net.Sockets.Socket.BeginSend(Byte[] buffer, Int32 offset, Int32 size, SocketFlags socketFlags, AsyncCallback callback, Object state)
   at rpaService.AsynchronousClient.Send(Socket client, String data) in D:\New folder\CSE\grad.Proj\rpaSlayerRobot\rpaService\AsynchronousClient.cs:line 151
   at rpaService.AsynchronousClient.StartClient() in D:\New folder\CSE\grad.Proj\rpaSlayerRobot\rpaService\AsynchronousClient.cs:line 37
2023-02-22 22:20:42.255 +02:00 [INF] System.Net.Sockets.SocketException (0x80004005): An established connection was aborted by the software in your host machine
   at System.Net.Sockets.Socket.BeginSend(Byte[] buffer, Int32 offset, Int32 size, SocketFlags socketFlags, AsyncCallback callback, Object state)
   at rpaService.AsynchronousClient.Send(Socket client, String data) in D:\New folder\CSE\grad.Proj\rpaSlayerRobot\rpaService\AsynchronousClient.cs:line 151
   at rpaService.AsynchronousClient.StartClient() in D:\New folder\CSE\grad.Proj\rpaSlayerRobot\rpaService\AsynchronousClient.cs:line 37
2023-02-22 22:20:45.268 +02:00 [INF] System.Net.Sockets.SocketException (0x80004005): An established connection was aborted by the software in your host machine
   at System.Net.Sockets.Socket.BeginSend(Byte[] buffer, Int32 offset, Int32 size, SocketFlags socketFlags, AsyncCallback callback, Object state)
   at rpaService.AsynchronousClient.Send(Socket client, String data) in D:\New folder\CSE\grad.Proj\rpaSlayerRobot\rpaService\AsynchronousClient.cs:line 151
   at rpaService.AsynchronousClient.StartClient() in D:\New folder\CSE\grad.Proj\rpaSlayerRobot\rpaService\AsynchronousClient.cs:line 37
2023-02-22 22:20:48.280 +02:00 [INF] System.Net.Sockets.SocketException (0x80004005): An established connection was aborted by the software in your host machine
   at System.Net.Sockets.Socket.BeginSend(Byte[] buffer, Int32 offset, Int32 size, SocketFlags socketFlags, AsyncCallback callback, Object state)
   at rpaService.AsynchronousClient.Send(Socket client, String data) in D:\New folder\CSE\grad.Proj\rpaSlayerRobot\rpaService\AsynchronousClient.cs:line 151
   at rpaService.AsynchronousClient.StartClient() in D:\New folder\CSE\grad.Proj\rpaSlayerRobot\rpaService\AsynchronousClient.cs:line 37
2023-02-22 22:20:51.296 +02:00 [INF] System.Net.Sockets.SocketException (0x80004005): An established connection was aborted by the software in your host machine
   at System.Net.Sockets.Socket.BeginSend(Byte[] buffer, Int32 offset, Int32 size, SocketFlags socketFlags, AsyncCallback callback, Object state)
   at rpaService.AsynchronousClient.Send(Socket client, String data) in D:\New folder\CSE\grad.Proj\rpaSlayerRobot\rpaService\AsynchronousClient.cs:line 151
   at rpaService.AsynchronousClient.StartClient() in D:\New folder\CSE\grad.Proj\rpaSlayerRobot\rpaService\AsynchronousClient.cs:line 37
2023-02-22 22:25:38.240 +02:00 [INF] Service is started
2023-02-22 22:25:38.264 +02:00 [INF] Waiting for a connection...
2023-02-22 22:25:38.267 +02:00 [INF] Socket connected to 127.0.0.1:13000
2023-02-22 22:25:38.269 +02:00 [INF] Sent 19 bytes to server.
2023-02-22 22:25:38.273 +02:00 [INF] Response received : This is a test<EOF>
2023-02-22 22:25:41.286 +02:00 [INF] Sent 19 bytes to server.
2023-02-22 22:25:41.313 +02:00 [INF] System.Net.Sockets.SocketException (0x80004005): An established connection was aborted by the software in your host machine
   at System.Net.Sockets.Socket.BeginReceive(Byte[] buffer, Int32 offset, Int32 size, SocketFlags socketFlags, AsyncCallback callback, Object state)
   at rpaService.AsynchronousClient.Receive(Socket client) in D:\New folder\CSE\grad.Proj\rpaSlayerRobot\rpaService\AsynchronousClient.cs:line 101
2023-02-22 22:25:41.313 +02:00 [INF] Response received : This is a test<EOF>
2023-02-22 22:25:44.323 +02:00 [INF] Response received : This is a test<EOF>
2023-02-22 22:25:44.323 +02:00 [INF] Socket connected to 127.0.0.1:13000
2023-02-22 22:25:44.323 +02:00 [INF] Sent 19 bytes to server.
2023-02-22 22:25:47.338 +02:00 [INF] Sent 19 bytes to server.
2023-02-22 22:25:47.339 +02:00 [INF] System.Net.Sockets.SocketException (0x80004005): An established connection was aborted by the software in your host machine
   at System.Net.Sockets.Socket.BeginReceive(Byte[] buffer, Int32 offset, Int32 size, SocketFlags socketFlags, AsyncCallback callback, Object state)
   at rpaService.AsynchronousClient.Receive(Socket client) in D:\New folder\CSE\grad.Proj\rpaSlayerRobot\rpaService\AsynchronousClient.cs:line 101
2023-02-22 22:25:47.339 +02:00 [INF] Response received : This is a test<EOF>
2023-02-22 22:25:50.357 +02:00 [INF] Response received : This is a test<EOF>
2023-02-22 22:25:50.357 +02:00 [INF] Socket connected to 127.0.0.1:13000
2023-02-22 22:25:50.357 +02:00 [INF] Sent 19 bytes to server.
2023-02-22 22:25:53.358 +02:00 [INF] Sent 19 bytes to server.
2023-02-22 22:25:53.359 +02:00 [INF] System.Net.Sockets.SocketException (0x80004005): An established connection was aborted by the software in your host machine
   at System.Net.Sockets.Socket.BeginReceive(Byte[] buffer, Int32 offset, Int32 size, SocketFlags socketFlags, AsyncCallback callback, Object state)
   at rpaService.AsynchronousClient.Receive(Socket client) in D:\New folder\CSE\grad.Proj\rpaSlayerRobot\rpaService\AsynchronousClient.cs:line 101
2023-02-22 22:25:53.359 +02:00 [INF] Response received : This is a test<EOF>
2023-02-22 22:25:56.363 +02:00 [INF] Socket connected to 127.0.0.1:13000
2023-02-22 22:25:56.363 +02:00 [INF] Response received : This is a test<EOF>
2023-02-22 22:25:56.363 +02:00 [INF] Sent 19 bytes to server.
2023-02-22 22:25:59.365 +02:00 [INF] Sent 19 bytes to server.
2023-02-22 22:25:59.366 +02:00 [INF] System.Net.Sockets.SocketException (0x80004005): An established connection was aborted by the software in your host machine
   at System.Net.Sockets.Socket.BeginReceive(Byte[] buffer, Int32 offset, Int32 size, SocketFlags socketFlags, AsyncCallback callback, Object state)
   at rpaService.AsynchronousClient.Receive(Socket client) in D:\New folder\CSE\grad.Proj\rpaSlayerRobot\rpaService\AsynchronousClient.cs:line 101
2023-02-22 22:25:59.366 +02:00 [INF] Response received : This is a test<EOF>
2023-02-22 22:26:02.374 +02:00 [INF] Socket connected to 127.0.0.1:13000
2023-02-22 22:26:02.374 +02:00 [INF] Response received : This is a test<EOF>
2023-02-22 22:26:02.375 +02:00 [INF] Sent 19 bytes to server.
2023-02-22 22:26:05.388 +02:00 [INF] Sent 19 bytes to server.
2023-02-22 22:26:05.389 +02:00 [INF] System.Net.Sockets.SocketException (0x80004005): An established connection was aborted by the software in your host machine
   at System.Net.Sockets.Socket.BeginReceive(Byte[] buffer, Int32 offset, Int32 size, SocketFlags socketFlags, AsyncCallback callback, Object state)
   at rpaService.AsynchronousClient.Receive(Socket client) in D:\New folder\CSE\grad.Proj\rpaSlayerRobot\rpaService\AsynchronousClient.cs:line 101
2023-02-22 22:26:05.389 +02:00 [INF] Response received : This is a test<EOF>
2023-02-22 22:28:41.667 +02:00 [INF] Service is started
2023-02-22 22:28:41.689 +02:00 [INF] Waiting for a connection...
2023-02-22 22:28:41.693 +02:00 [INF] Socket connected to 127.0.0.1:13000
2023-02-22 22:28:41.695 +02:00 [INF] Sent 19 bytes to server.
2023-02-22 22:28:41.698 +02:00 [INF] Response received : This is a test<EOF>
2023-02-22 22:28:44.703 +02:00 [INF] Sent 19 bytes to server.
2023-02-22 22:28:44.732 +02:00 [INF] System.Net.Sockets.SocketException (0x80004005): An established connection was aborted by the software in your host machine
   at System.Net.Sockets.Socket.BeginReceive(Byte[] buffer, Int32 offset, Int32 size, SocketFlags socketFlags, AsyncCallback callback, Object state)
   at rpaService.AsynchronousClient.Receive(Socket client) in D:\New folder\CSE\grad.Proj\rpaSlayerRobot\rpaService\AsynchronousClient.cs:line 105
2023-02-22 22:28:44.733 +02:00 [INF] Response received : This is a test<EOF>
2023-02-22 22:28:47.747 +02:00 [INF] Socket connected to 127.0.0.1:13000
2023-02-22 22:28:47.747 +02:00 [INF] Sent 19 bytes to server.
2023-02-22 22:28:47.749 +02:00 [INF] Response received : This is a test<EOF>
2023-02-22 22:28:47.749 +02:00 [INF] Socket connected to 127.0.0.1:13000
2023-02-22 22:28:50.756 +02:00 [INF] Sent 19 bytes to server.
2023-02-22 22:28:50.756 +02:00 [INF] Response received : This is a test<EOF>
2023-02-22 22:28:53.763 +02:00 [INF] Sent 19 bytes to server.
2023-02-22 22:28:53.764 +02:00 [INF] System.Net.Sockets.SocketException (0x80004005): An established connection was aborted by the software in your host machine
   at System.Net.Sockets.Socket.BeginReceive(Byte[] buffer, Int32 offset, Int32 size, SocketFlags socketFlags, AsyncCallback callback, Object state)
   at rpaService.AsynchronousClient.Receive(Socket client) in D:\New folder\CSE\grad.Proj\rpaSlayerRobot\rpaService\AsynchronousClient.cs:line 105
2023-02-22 22:28:53.764 +02:00 [INF] Response received : This is a test<EOF>
2023-02-22 22:28:56.777 +02:00 [INF] Sent 19 bytes to server.
2023-02-22 22:28:56.777 +02:00 [INF] Socket connected to 127.0.0.1:13000
2023-02-22 22:28:56.778 +02:00 [INF] Response received : This is a test<EOF>
2023-02-22 22:28:56.778 +02:00 [INF] Socket connected to 127.0.0.1:13000
2023-02-22 22:28:59.781 +02:00 [INF] Sent 19 bytes to server.
2023-02-22 22:28:59.781 +02:00 [INF] Response received : This is a test<EOF>
2023-02-22 22:35:03.735 +02:00 [INF] Service is started
2023-02-22 22:35:03.759 +02:00 [INF] Waiting for a connection...
2023-02-22 22:35:03.762 +02:00 [INF] Socket connected to 127.0.0.1:13000
2023-02-22 22:35:03.764 +02:00 [INF] Sent 19 bytes to server.
2023-02-22 22:35:03.768 +02:00 [INF] Response received : This is a test<EOF>
2023-02-22 22:35:06.781 +02:00 [INF] Sent 19 bytes to server.
2023-02-22 22:35:06.807 +02:00 [INF] System.Net.Sockets.SocketException (0x80004005): An established connection was aborted by the software in your host machine
   at System.Net.Sockets.Socket.BeginReceive(Byte[] buffer, Int32 offset, Int32 size, SocketFlags socketFlags, AsyncCallback callback, Object state)
   at rpaService.AsynchronousClient.Receive(Socket client) in D:\New folder\CSE\grad.Proj\rpaSlayerRobot\rpaService\AsynchronousClient.cs:line 112
2023-02-22 22:35:06.807 +02:00 [INF] Response received : This is a test<EOF>
2023-02-22 22:35:09.834 +02:00 [INF] System.Net.Sockets.SocketException (0x80004005): A connect request was made on an already connected socket
   at System.Net.Sockets.Socket.BeginConnectEx(EndPoint remoteEP, Boolean flowContext, AsyncCallback callback, Object state)
   at System.Net.Sockets.Socket.BeginConnect(EndPoint remoteEP, AsyncCallback callback, Object state)
   at rpaService.AsynchronousClient.init() in D:\New folder\CSE\grad.Proj\rpaSlayerRobot\rpaService\AsynchronousClient.cs:line 197
   at rpaService.AsynchronousClient.StartClient() in D:\New folder\CSE\grad.Proj\rpaSlayerRobot\rpaService\AsynchronousClient.cs:line 44
2023-02-22 22:35:12.841 +02:00 [INF] System.Net.Sockets.SocketException (0x80004005): A connect request was made on an already connected socket
   at System.Net.Sockets.Socket.BeginConnectEx(EndPoint remoteEP, Boolean flowContext, AsyncCallback callback, Object state)
   at System.Net.Sockets.Socket.BeginConnect(EndPoint remoteEP, AsyncCallback callback, Object state)
   at rpaService.AsynchronousClient.init() in D:\New folder\CSE\grad.Proj\rpaSlayerRobot\rpaService\AsynchronousClient.cs:line 197
   at rpaService.AsynchronousClient.StartClient() in D:\New folder\CSE\grad.Proj\rpaSlayerRobot\rpaService\AsynchronousClient.cs:line 44
2023-02-22 22:35:15.845 +02:00 [INF] System.Net.Sockets.SocketException (0x80004005): A connect request was made on an already connected socket
   at System.Net.Sockets.Socket.BeginConnectEx(EndPoint remoteEP, Boolean flowContext, AsyncCallback callback, Object state)
   at System.Net.Sockets.Socket.BeginConnect(EndPoint remoteEP, AsyncCallback callback, Object state)
   at rpaService.AsynchronousClient.init() in D:\New folder\CSE\grad.Proj\rpaSlayerRobot\rpaService\AsynchronousClient.cs:line 197
   at rpaService.AsynchronousClient.StartClient() in D:\New folder\CSE\grad.Proj\rpaSlayerRobot\rpaService\AsynchronousClient.cs:line 44
2023-02-22 22:35:18.847 +02:00 [INF] System.Net.Sockets.SocketException (0x80004005): A connect request was made on an already connected socket
   at System.Net.Sockets.Socket.BeginConnectEx(EndPoint remoteEP, Boolean flowContext, AsyncCallback callback, Object state)
   at System.Net.Sockets.Socket.BeginConnect(EndPoint remoteEP, AsyncCallback callback, Object state)
   at rpaService.AsynchronousClient.init() in D:\New folder\CSE\grad.Proj\rpaSlayerRobot\rpaService\AsynchronousClient.cs:line 197
   at rpaService.AsynchronousClient.StartClient() in D:\New folder\CSE\grad.Proj\rpaSlayerRobot\rpaService\AsynchronousClient.cs:line 44
2023-02-22 22:35:21.863 +02:00 [INF] System.Net.Sockets.SocketException (0x80004005): A connect request was made on an already connected socket
   at System.Net.Sockets.Socket.BeginConnectEx(EndPoint remoteEP, Boolean flowContext, AsyncCallback callback, Object state)
   at System.Net.Sockets.Socket.BeginConnect(EndPoint remoteEP, AsyncCallback callback, Object state)
   at rpaService.AsynchronousClient.init() in D:\New folder\CSE\grad.Proj\rpaSlayerRobot\rpaService\AsynchronousClient.cs:line 197
   at rpaService.AsynchronousClient.StartClient() in D:\New folder\CSE\grad.Proj\rpaSlayerRobot\rpaService\AsynchronousClient.cs:line 44
2023-02-22 22:35:24.874 +02:00 [INF] System.Net.Sockets.SocketException (0x80004005): A connect request was made on an already connected socket
   at System.Net.Sockets.Socket.BeginConnectEx(EndPoint remoteEP, Boolean flowContext, AsyncCallback callback, Object state)
   at System.Net.Sockets.Socket.BeginConnect(EndPoint remoteEP, AsyncCallback callback, Object state)
   at rpaService.AsynchronousClient.init() in D:\New folder\CSE\grad.Proj\rpaSlayerRobot\rpaService\AsynchronousClient.cs:line 197
   at rpaService.AsynchronousClient.StartClient() in D:\New folder\CSE\grad.Proj\rpaSlayerRobot\rpaService\AsynchronousClient.cs:line 44
2023-02-22 22:35:27.884 +02:00 [INF] System.Net.Sockets.SocketException (0x80004005): A connect request was made on an already connected socket
   at System.Net.Sockets.Socket.BeginConnectEx(EndPoint remoteEP, Boolean flowContext, AsyncCallback callback, Object state)
   at System.Net.Sockets.Socket.BeginConnect(EndPoint remoteEP, AsyncCallback callback, Object state)
   at rpaService.AsynchronousClient.init() in D:\New folder\CSE\grad.Proj\rpaSlayerRobot\rpaService\AsynchronousClient.cs:line 197
   at rpaService.AsynchronousClient.StartClient() in D:\New folder\CSE\grad.Proj\rpaSlayerRobot\rpaService\AsynchronousClient.cs:line 44
2023-02-22 22:35:30.893 +02:00 [INF] System.Net.Sockets.SocketException (0x80004005): A connect request was made on an already connected socket
   at System.Net.Sockets.Socket.BeginConnectEx(EndPoint remoteEP, Boolean flowContext, AsyncCallback callback, Object state)
   at System.Net.Sockets.Socket.BeginConnect(EndPoint remoteEP, AsyncCallback callback, Object state)
   at rpaService.AsynchronousClient.init() in D:\New folder\CSE\grad.Proj\rpaSlayerRobot\rpaService\AsynchronousClient.cs:line 197
   at rpaService.AsynchronousClient.StartClient() in D:\New folder\CSE\grad.Proj\rpaSlayerRobot\rpaService\AsynchronousClient.cs:line 44
2023-02-22 22:35:33.909 +02:00 [INF] System.Net.Sockets.SocketException (0x80004005): A connect request was made on an already connected socket
   at System.Net.Sockets.Socket.BeginConnectEx(EndPoint remoteEP, Boolean flowContext, AsyncCallback callback, Object state)
   at System.Net.Sockets.Socket.BeginConnect(EndPoint remoteEP, AsyncCallback callback, Object state)
   at rpaService.AsynchronousClient.init() in D:\New folder\CSE\grad.Proj\rpaSlayerRobot\rpaService\AsynchronousClient.cs:line 197
   at rpaService.AsynchronousClient.StartClient() in D:\New folder\CSE\grad.Proj\rpaSlayerRobot\rpaService\AsynchronousClient.cs:line 44
2023-02-22 22:35:36.925 +02:00 [INF] System.Net.Sockets.SocketException (0x80004005): A connect request was made on an already connected socket
   at System.Net.Sockets.Socket.BeginConnectEx(EndPoint remoteEP, Boolean flowContext, AsyncCallback callback, Object state)
   at System.Net.Sockets.Socket.BeginConnect(EndPoint remoteEP, AsyncCallback callback, Object state)
   at rpaService.AsynchronousClient.init() in D:\New folder\CSE\grad.Proj\rpaSlayerRobot\rpaService\AsynchronousClient.cs:line 197
   at rpaService.AsynchronousClient.StartClient() in D:\New folder\CSE\grad.Proj\rpaSlayerRobot\rpaService\AsynchronousClient.cs:line 44
2023-02-22 22:35:39.933 +02:00 [INF] System.Net.Sockets.SocketException (0x80004005): A connect request was made on an already connected socket
   at System.Net.Sockets.Socket.BeginConnectEx(EndPoint remoteEP, Boolean flowContext, AsyncCallback callback, Object state)
   at System.Net.Sockets.Socket.BeginConnect(EndPoint remoteEP, AsyncCallback callback, Object state)
   at rpaService.AsynchronousClient.init() in D:\New folder\CSE\grad.Proj\rpaSlayerRobot\rpaService\AsynchronousClient.cs:line 197
   at rpaService.AsynchronousClient.StartClient() in D:\New folder\CSE\grad.Proj\rpaSlayerRobot\rpaService\AsynchronousClient.cs:line 44
2023-02-22 22:35:42.938 +02:00 [INF] System.Net.Sockets.SocketException (0x80004005): A connect request was made on an already connected socket
   at System.Net.Sockets.Socket.BeginConnectEx(EndPoint remoteEP, Boolean flowContext, AsyncCallback callback, Object state)
   at System.Net.Sockets.Socket.BeginConnect(EndPoint remoteEP, AsyncCallback callback, Object state)
   at rpaService.AsynchronousClient.init() in D:\New folder\CSE\grad.Proj\rpaSlayerRobot\rpaService\AsynchronousClient.cs:line 197
   at rpaService.AsynchronousClient.StartClient() in D:\New folder\CSE\grad.Proj\rpaSlayerRobot\rpaService\AsynchronousClient.cs:line 44
2023-02-22 22:35:45.947 +02:00 [INF] System.Net.Sockets.SocketException (0x80004005): A connect request was made on an already connected socket
   at System.Net.Sockets.Socket.BeginConnectEx(EndPoint remoteEP, Boolean flowContext, AsyncCallback callback, Object state)
   at System.Net.Sockets.Socket.BeginConnect(EndPoint remoteEP, AsyncCallback callback, Object state)
   at rpaService.AsynchronousClient.init() in D:\New folder\CSE\grad.Proj\rpaSlayerRobot\rpaService\AsynchronousClient.cs:line 197
   at rpaService.AsynchronousClient.StartClient() in D:\New folder\CSE\grad.Proj\rpaSlayerRobot\rpaService\AsynchronousClient.cs:line 44
2023-02-22 22:35:48.954 +02:00 [INF] System.Net.Sockets.SocketException (0x80004005): A connect request was made on an already connected socket
   at System.Net.Sockets.Socket.BeginConnectEx(EndPoint remoteEP, Boolean flowContext, AsyncCallback callback, Object state)
   at System.Net.Sockets.Socket.BeginConnect(EndPoint remoteEP, AsyncCallback callback, Object state)
   at rpaService.AsynchronousClient.init() in D:\New folder\CSE\grad.Proj\rpaSlayerRobot\rpaService\AsynchronousClient.cs:line 197
   at rpaService.AsynchronousClient.StartClient() in D:\New folder\CSE\grad.Proj\rpaSlayerRobot\rpaService\AsynchronousClient.cs:line 44
2023-02-22 22:35:51.957 +02:00 [INF] System.Net.Sockets.SocketException (0x80004005): A connect request was made on an already connected socket
   at System.Net.Sockets.Socket.BeginConnectEx(EndPoint remoteEP, Boolean flowContext, AsyncCallback callback, Object state)
   at System.Net.Sockets.Socket.BeginConnect(EndPoint remoteEP, AsyncCallback callback, Object state)
   at rpaService.AsynchronousClient.init() in D:\New folder\CSE\grad.Proj\rpaSlayerRobot\rpaService\AsynchronousClient.cs:line 197
   at rpaService.AsynchronousClient.StartClient() in D:\New folder\CSE\grad.Proj\rpaSlayerRobot\rpaService\AsynchronousClient.cs:line 44
2023-02-22 22:35:54.974 +02:00 [INF] System.Net.Sockets.SocketException (0x80004005): A connect request was made on an already connected socket
   at System.Net.Sockets.Socket.BeginConnectEx(EndPoint remoteEP, Boolean flowContext, AsyncCallback callback, Object state)
   at System.Net.Sockets.Socket.BeginConnect(EndPoint remoteEP, AsyncCallback callback, Object state)
   at rpaService.AsynchronousClient.init() in D:\New folder\CSE\grad.Proj\rpaSlayerRobot\rpaService\AsynchronousClient.cs:line 197
   at rpaService.AsynchronousClient.StartClient() in D:\New folder\CSE\grad.Proj\rpaSlayerRobot\rpaService\AsynchronousClient.cs:line 44
2023-02-22 22:35:57.982 +02:00 [INF] System.Net.Sockets.SocketException (0x80004005): A connect request was made on an already connected socket
   at System.Net.Sockets.Socket.BeginConnectEx(EndPoint remoteEP, Boolean flowContext, AsyncCallback callback, Object state)
   at System.Net.Sockets.Socket.BeginConnect(EndPoint remoteEP, AsyncCallback callback, Object state)
   at rpaService.AsynchronousClient.init() in D:\New folder\CSE\grad.Proj\rpaSlayerRobot\rpaService\AsynchronousClient.cs:line 197
   at rpaService.AsynchronousClient.StartClient() in D:\New folder\CSE\grad.Proj\rpaSlayerRobot\rpaService\AsynchronousClient.cs:line 44
2023-02-22 22:36:00.987 +02:00 [INF] System.Net.Sockets.SocketException (0x80004005): A connect request was made on an already connected socket
   at System.Net.Sockets.Socket.BeginConnectEx(EndPoint remoteEP, Boolean flowContext, AsyncCallback callback, Object state)
   at System.Net.Sockets.Socket.BeginConnect(EndPoint remoteEP, AsyncCallback callback, Object state)
   at rpaService.AsynchronousClient.init() in D:\New folder\CSE\grad.Proj\rpaSlayerRobot\rpaService\AsynchronousClient.cs:line 197
   at rpaService.AsynchronousClient.StartClient() in D:\New folder\CSE\grad.Proj\rpaSlayerRobot\rpaService\AsynchronousClient.cs:line 44
2023-02-22 22:37:50.739 +02:00 [INF] Service is started
2023-02-22 22:37:50.763 +02:00 [INF] Waiting for a connection...
2023-02-22 22:37:50.766 +02:00 [INF] Socket connected to 127.0.0.1:13000
2023-02-22 22:37:50.768 +02:00 [INF] Sent 19 bytes to server.
2023-02-22 22:37:50.772 +02:00 [INF] Response received : This is a test<EOF>
2023-02-22 22:37:53.780 +02:00 [INF] Sent 19 bytes to server.
2023-02-22 22:37:53.810 +02:00 [INF] System.Net.Sockets.SocketException (0x80004005): An established connection was aborted by the software in your host machine
   at System.Net.Sockets.Socket.BeginReceive(Byte[] buffer, Int32 offset, Int32 size, SocketFlags socketFlags, AsyncCallback callback, Object state)
   at rpaService.AsynchronousClient.Receive(Socket client) in D:\New folder\CSE\grad.Proj\rpaSlayerRobot\rpaService\AsynchronousClient.cs:line 106
2023-02-22 22:37:53.810 +02:00 [INF] Response received : This is a test<EOF>
2023-02-22 22:37:56.823 +02:00 [INF] System.Net.Sockets.SocketException (0x80004005): An established connection was aborted by the software in your host machine
   at System.Net.Sockets.Socket.BeginSend(Byte[] buffer, Int32 offset, Int32 size, SocketFlags socketFlags, AsyncCallback callback, Object state)
   at rpaService.AsynchronousClient.Send(Socket client, String data) in D:\New folder\CSE\grad.Proj\rpaSlayerRobot\rpaService\AsynchronousClient.cs:line 159
   at rpaService.AsynchronousClient.StartClient() in D:\New folder\CSE\grad.Proj\rpaSlayerRobot\rpaService\AsynchronousClient.cs:line 44
2023-02-22 22:37:59.827 +02:00 [INF] System.Net.Sockets.SocketException (0x80004005): An established connection was aborted by the software in your host machine
   at System.Net.Sockets.Socket.BeginSend(Byte[] buffer, Int32 offset, Int32 size, SocketFlags socketFlags, AsyncCallback callback, Object state)
   at rpaService.AsynchronousClient.Send(Socket client, String data) in D:\New folder\CSE\grad.Proj\rpaSlayerRobot\rpaService\AsynchronousClient.cs:line 159
   at rpaService.AsynchronousClient.StartClient() in D:\New folder\CSE\grad.Proj\rpaSlayerRobot\rpaService\AsynchronousClient.cs:line 44
2023-02-22 22:38:02.838 +02:00 [INF] System.Net.Sockets.SocketException (0x80004005): An established connection was aborted by the software in your host machine
   at System.Net.Sockets.Socket.BeginSend(Byte[] buffer, Int32 offset, Int32 size, SocketFlags socketFlags, AsyncCallback callback, Object state)
   at rpaService.AsynchronousClient.Send(Socket client, String data) in D:\New folder\CSE\grad.Proj\rpaSlayerRobot\rpaService\AsynchronousClient.cs:line 159
   at rpaService.AsynchronousClient.StartClient() in D:\New folder\CSE\grad.Proj\rpaSlayerRobot\rpaService\AsynchronousClient.cs:line 44
2023-02-22 22:38:05.852 +02:00 [INF] System.Net.Sockets.SocketException (0x80004005): An established connection was aborted by the software in your host machine
   at System.Net.Sockets.Socket.BeginSend(Byte[] buffer, Int32 offset, Int32 size, SocketFlags socketFlags, AsyncCallback callback, Object state)
   at rpaService.AsynchronousClient.Send(Socket client, String data) in D:\New folder\CSE\grad.Proj\rpaSlayerRobot\rpaService\AsynchronousClient.cs:line 159
   at rpaService.AsynchronousClient.StartClient() in D:\New folder\CSE\grad.Proj\rpaSlayerRobot\rpaService\AsynchronousClient.cs:line 44
2023-02-22 22:39:23.825 +02:00 [INF] Service is started
2023-02-22 22:39:23.847 +02:00 [INF] Waiting for a connection...
2023-02-22 22:39:23.850 +02:00 [INF] Socket connected to 127.0.0.1:13000
2023-02-22 22:39:23.852 +02:00 [INF] Sent 19 bytes to server.
2023-02-22 22:39:23.856 +02:00 [INF] Response received : This is a test<EOF>
2023-02-22 22:39:33.862 +02:00 [INF] Sent 19 bytes to server.
2023-02-22 22:39:33.889 +02:00 [INF] System.Net.Sockets.SocketException (0x80004005): An established connection was aborted by the software in your host machine
   at System.Net.Sockets.Socket.BeginReceive(Byte[] buffer, Int32 offset, Int32 size, SocketFlags socketFlags, AsyncCallback callback, Object state)
   at rpaService.AsynchronousClient.Receive(Socket client) in D:\New folder\CSE\grad.Proj\rpaSlayerRobot\rpaService\AsynchronousClient.cs:line 106
2023-02-22 22:39:33.889 +02:00 [INF] Response received : This is a test<EOF>
2023-02-22 22:39:43.894 +02:00 [INF] System.Net.Sockets.SocketException (0x80004005): An established connection was aborted by the software in your host machine
   at System.Net.Sockets.Socket.BeginSend(Byte[] buffer, Int32 offset, Int32 size, SocketFlags socketFlags, AsyncCallback callback, Object state)
   at rpaService.AsynchronousClient.Send(Socket client, String data) in D:\New folder\CSE\grad.Proj\rpaSlayerRobot\rpaService\AsynchronousClient.cs:line 159
   at rpaService.AsynchronousClient.StartClient() in D:\New folder\CSE\grad.Proj\rpaSlayerRobot\rpaService\AsynchronousClient.cs:line 44
2023-02-22 22:39:53.898 +02:00 [INF] System.Net.Sockets.SocketException (0x80004005): An established connection was aborted by the software in your host machine
   at System.Net.Sockets.Socket.BeginSend(Byte[] buffer, Int32 offset, Int32 size, SocketFlags socketFlags, AsyncCallback callback, Object state)
   at rpaService.AsynchronousClient.Send(Socket client, String data) in D:\New folder\CSE\grad.Proj\rpaSlayerRobot\rpaService\AsynchronousClient.cs:line 159
   at rpaService.AsynchronousClient.StartClient() in D:\New folder\CSE\grad.Proj\rpaSlayerRobot\rpaService\AsynchronousClient.cs:line 44
2023-02-22 22:40:03.903 +02:00 [INF] System.Net.Sockets.SocketException (0x80004005): An established connection was aborted by the software in your host machine
   at System.Net.Sockets.Socket.BeginSend(Byte[] buffer, Int32 offset, Int32 size, SocketFlags socketFlags, AsyncCallback callback, Object state)
   at rpaService.AsynchronousClient.Send(Socket client, String data) in D:\New folder\CSE\grad.Proj\rpaSlayerRobot\rpaService\AsynchronousClient.cs:line 159
   at rpaService.AsynchronousClient.StartClient() in D:\New folder\CSE\grad.Proj\rpaSlayerRobot\rpaService\AsynchronousClient.cs:line 44
2023-02-22 22:40:13.912 +02:00 [INF] System.Net.Sockets.SocketException (0x80004005): An established connection was aborted by the software in your host machine
   at System.Net.Sockets.Socket.BeginSend(Byte[] buffer, Int32 offset, Int32 size, SocketFlags socketFlags, AsyncCallback callback, Object state)
   at rpaService.AsynchronousClient.Send(Socket client, String data) in D:\New folder\CSE\grad.Proj\rpaSlayerRobot\rpaService\AsynchronousClient.cs:line 159
   at rpaService.AsynchronousClient.StartClient() in D:\New folder\CSE\grad.Proj\rpaSlayerRobot\rpaService\AsynchronousClient.cs:line 44
2023-02-22 22:42:22.813 +02:00 [INF] Service is started
2023-02-22 22:42:22.835 +02:00 [INF] Waiting for a connection...
2023-02-22 22:42:22.838 +02:00 [INF] Socket connected to 127.0.0.1:13000
2023-02-22 22:42:22.840 +02:00 [INF] Sent 19 bytes to server.
2023-02-22 22:42:22.844 +02:00 [INF] Response received : This is a test<EOF>
2023-02-22 22:42:32.859 +02:00 [INF] Sent 19 bytes to server.
2023-02-22 22:42:32.878 +02:00 [INF] System.Net.Sockets.SocketException (0x80004005): An established connection was aborted by the software in your host machine
   at System.Net.Sockets.Socket.BeginReceive(Byte[] buffer, Int32 offset, Int32 size, SocketFlags socketFlags, AsyncCallback callback, Object state)
   at rpaService.AsynchronousClient.Receive(Socket client) in D:\New folder\CSE\grad.Proj\rpaSlayerRobot\rpaService\AsynchronousClient.cs:line 112
2023-02-22 22:42:32.878 +02:00 [INF] Response received : This is a test<EOF>
2023-02-22 22:42:42.896 +02:00 [INF] System.Net.Sockets.SocketException (0x80004005): A connect request was made on an already connected socket
   at System.Net.Sockets.Socket.BeginConnectEx(EndPoint remoteEP, Boolean flowContext, AsyncCallback callback, Object state)
   at System.Net.Sockets.Socket.BeginConnect(EndPoint remoteEP, AsyncCallback callback, Object state)
   at rpaService.AsynchronousClient.init() in D:\New folder\CSE\grad.Proj\rpaSlayerRobot\rpaService\AsynchronousClient.cs:line 197
   at rpaService.AsynchronousClient.StartClient() in D:\New folder\CSE\grad.Proj\rpaSlayerRobot\rpaService\AsynchronousClient.cs:line 44
2023-02-22 22:42:52.906 +02:00 [INF] System.Net.Sockets.SocketException (0x80004005): A connect request was made on an already connected socket
   at System.Net.Sockets.Socket.BeginConnectEx(EndPoint remoteEP, Boolean flowContext, AsyncCallback callback, Object state)
   at System.Net.Sockets.Socket.BeginConnect(EndPoint remoteEP, AsyncCallback callback, Object state)
   at rpaService.AsynchronousClient.init() in D:\New folder\CSE\grad.Proj\rpaSlayerRobot\rpaService\AsynchronousClient.cs:line 197
   at rpaService.AsynchronousClient.StartClient() in D:\New folder\CSE\grad.Proj\rpaSlayerRobot\rpaService\AsynchronousClient.cs:line 44
2023-02-22 22:43:02.910 +02:00 [INF] System.Net.Sockets.SocketException (0x80004005): A connect request was made on an already connected socket
   at System.Net.Sockets.Socket.BeginConnectEx(EndPoint remoteEP, Boolean flowContext, AsyncCallback callback, Object state)
   at System.Net.Sockets.Socket.BeginConnect(EndPoint remoteEP, AsyncCallback callback, Object state)
   at rpaService.AsynchronousClient.init() in D:\New folder\CSE\grad.Proj\rpaSlayerRobot\rpaService\AsynchronousClient.cs:line 197
   at rpaService.AsynchronousClient.StartClient() in D:\New folder\CSE\grad.Proj\rpaSlayerRobot\rpaService\AsynchronousClient.cs:line 44
2023-02-22 22:45:51.146 +02:00 [INF] Service is started
2023-02-22 22:45:51.169 +02:00 [INF] Waiting for a connection...
2023-02-22 22:45:51.172 +02:00 [INF] Socket connected to 127.0.0.1:13000
2023-02-22 22:45:51.174 +02:00 [INF] Sent 19 bytes to server.
2023-02-22 22:45:51.177 +02:00 [INF] Response received : This is a test<EOF>
2023-02-22 22:45:54.178 +02:00 [INF] Sent 19 bytes to server.
2023-02-22 22:45:54.201 +02:00 [INF] System.Net.Sockets.SocketException (0x80004005): An established connection was aborted by the software in your host machine
   at System.Net.Sockets.Socket.BeginReceive(Byte[] buffer, Int32 offset, Int32 size, SocketFlags socketFlags, AsyncCallback callback, Object state)
   at rpaService.AsynchronousClient.Receive(Socket client) in D:\New folder\CSE\grad.Proj\rpaSlayerRobot\rpaService\AsynchronousClient.cs:line 106
2023-02-22 22:45:54.202 +02:00 [INF] Response received : This is a test<EOF>
2023-02-22 22:45:57.210 +02:00 [INF] System.Net.Sockets.SocketException (0x80004005): An established connection was aborted by the software in your host machine
   at System.Net.Sockets.Socket.BeginSend(Byte[] buffer, Int32 offset, Int32 size, SocketFlags socketFlags, AsyncCallback callback, Object state)
   at rpaService.AsynchronousClient.Send(Socket client, String data) in D:\New folder\CSE\grad.Proj\rpaSlayerRobot\rpaService\AsynchronousClient.cs:line 159
   at rpaService.AsynchronousClient.StartClient() in D:\New folder\CSE\grad.Proj\rpaSlayerRobot\rpaService\AsynchronousClient.cs:line 44
2023-02-22 22:46:00.224 +02:00 [INF] System.Net.Sockets.SocketException (0x80004005): An established connection was aborted by the software in your host machine
   at System.Net.Sockets.Socket.BeginSend(Byte[] buffer, Int32 offset, Int32 size, SocketFlags socketFlags, AsyncCallback callback, Object state)
   at rpaService.AsynchronousClient.Send(Socket client, String data) in D:\New folder\CSE\grad.Proj\rpaSlayerRobot\rpaService\AsynchronousClient.cs:line 159
   at rpaService.AsynchronousClient.StartClient() in D:\New folder\CSE\grad.Proj\rpaSlayerRobot\rpaService\AsynchronousClient.cs:line 44
2023-02-22 22:46:03.232 +02:00 [INF] System.Net.Sockets.SocketException (0x80004005): An established connection was aborted by the software in your host machine
   at System.Net.Sockets.Socket.BeginSend(Byte[] buffer, Int32 offset, Int32 size, SocketFlags socketFlags, AsyncCallback callback, Object state)
   at rpaService.AsynchronousClient.Send(Socket client, String data) in D:\New folder\CSE\grad.Proj\rpaSlayerRobot\rpaService\AsynchronousClient.cs:line 159
   at rpaService.AsynchronousClient.StartClient() in D:\New folder\CSE\grad.Proj\rpaSlayerRobot\rpaService\AsynchronousClient.cs:line 44
2023-02-22 22:46:06.244 +02:00 [INF] System.Net.Sockets.SocketException (0x80004005): An established connection was aborted by the software in your host machine
   at System.Net.Sockets.Socket.BeginSend(Byte[] buffer, Int32 offset, Int32 size, SocketFlags socketFlags, AsyncCallback callback, Object state)
   at rpaService.AsynchronousClient.Send(Socket client, String data) in D:\New folder\CSE\grad.Proj\rpaSlayerRobot\rpaService\AsynchronousClient.cs:line 159
   at rpaService.AsynchronousClient.StartClient() in D:\New folder\CSE\grad.Proj\rpaSlayerRobot\rpaService\AsynchronousClient.cs:line 44
2023-02-22 22:46:09.256 +02:00 [INF] System.Net.Sockets.SocketException (0x80004005): An established connection was aborted by the software in your host machine
   at System.Net.Sockets.Socket.BeginSend(Byte[] buffer, Int32 offset, Int32 size, SocketFlags socketFlags, AsyncCallback callback, Object state)
   at rpaService.AsynchronousClient.Send(Socket client, String data) in D:\New folder\CSE\grad.Proj\rpaSlayerRobot\rpaService\AsynchronousClient.cs:line 159
   at rpaService.AsynchronousClient.StartClient() in D:\New folder\CSE\grad.Proj\rpaSlayerRobot\rpaService\AsynchronousClient.cs:line 44
2023-02-22 22:46:12.268 +02:00 [INF] System.Net.Sockets.SocketException (0x80004005): An established connection was aborted by the software in your host machine
   at System.Net.Sockets.Socket.BeginSend(Byte[] buffer, Int32 offset, Int32 size, SocketFlags socketFlags, AsyncCallback callback, Object state)
   at rpaService.AsynchronousClient.Send(Socket client, String data) in D:\New folder\CSE\grad.Proj\rpaSlayerRobot\rpaService\AsynchronousClient.cs:line 159
   at rpaService.AsynchronousClient.StartClient() in D:\New folder\CSE\grad.Proj\rpaSlayerRobot\rpaService\AsynchronousClient.cs:line 44
2023-02-22 22:46:15.282 +02:00 [INF] System.Net.Sockets.SocketException (0x80004005): An established connection was aborted by the software in your host machine
   at System.Net.Sockets.Socket.BeginSend(Byte[] buffer, Int32 offset, Int32 size, SocketFlags socketFlags, AsyncCallback callback, Object state)
   at rpaService.AsynchronousClient.Send(Socket client, String data) in D:\New folder\CSE\grad.Proj\rpaSlayerRobot\rpaService\AsynchronousClient.cs:line 159
   at rpaService.AsynchronousClient.StartClient() in D:\New folder\CSE\grad.Proj\rpaSlayerRobot\rpaService\AsynchronousClient.cs:line 44
2023-02-22 22:46:18.291 +02:00 [INF] System.Net.Sockets.SocketException (0x80004005): An established connection was aborted by the software in your host machine
   at System.Net.Sockets.Socket.BeginSend(Byte[] buffer, Int32 offset, Int32 size, SocketFlags socketFlags, AsyncCallback callback, Object state)
   at rpaService.AsynchronousClient.Send(Socket client, String data) in D:\New folder\CSE\grad.Proj\rpaSlayerRobot\rpaService\AsynchronousClient.cs:line 159
   at rpaService.AsynchronousClient.StartClient() in D:\New folder\CSE\grad.Proj\rpaSlayerRobot\rpaService\AsynchronousClient.cs:line 44
2023-02-22 22:50:30.841 +02:00 [INF] Service is started
2023-02-22 22:50:30.864 +02:00 [INF] Waiting for a connection...
2023-02-22 22:50:30.868 +02:00 [INF] Socket connected to 127.0.0.1:13000
2023-02-22 22:50:38.164 +02:00 [INF] Service is started
2023-02-22 22:50:38.187 +02:00 [INF] Waiting for a connection...
2023-02-22 22:51:54.976 +02:00 [INF] Service is started
2023-02-22 22:51:54.998 +02:00 [INF] Waiting for a connection...
2023-02-22 22:51:55.001 +02:00 [INF] Socket connected to 127.0.0.1:13000
2023-02-22 22:51:55.003 +02:00 [INF] Sent 19 bytes to server.
2023-02-22 22:51:55.007 +02:00 [INF] Response received : This is a test<EOF>
2023-02-22 22:51:58.013 +02:00 [INF] Sent 19 bytes to server.
2023-02-22 22:51:58.026 +02:00 [INF] System.Net.Sockets.SocketException (0x80004005): An established connection was aborted by the software in your host machine
   at System.Net.Sockets.Socket.BeginReceive(Byte[] buffer, Int32 offset, Int32 size, SocketFlags socketFlags, AsyncCallback callback, Object state)
   at rpaService.AsynchronousClient.Receive(Socket client) in D:\New folder\CSE\grad.Proj\rpaSlayerRobot\rpaService\AsynchronousClient.cs:line 121
2023-02-22 22:51:58.026 +02:00 [INF] Response received : This is a test<EOF>
2023-02-22 22:52:40.936 +02:00 [INF] Service is started
2023-02-22 22:52:40.958 +02:00 [INF] Waiting for a connection...
2023-02-22 22:52:40.961 +02:00 [INF] Socket connected to 127.0.0.1:13000
2023-02-22 22:52:40.963 +02:00 [INF] Sent 19 bytes to server.
2023-02-22 22:52:40.964 +02:00 [INF] Response received : This is a test<EOF>
2023-02-22 22:52:43.974 +02:00 [INF] Sent 19 bytes to server.
2023-02-22 22:52:44.004 +02:00 [INF] System.Net.Sockets.SocketException (0x80004005): An established connection was aborted by the software in your host machine
   at System.Net.Sockets.Socket.BeginReceive(Byte[] buffer, Int32 offset, Int32 size, SocketFlags socketFlags, AsyncCallback callback, Object state)
   at rpaService.AsynchronousClient.Receive(Socket client) in D:\New folder\CSE\grad.Proj\rpaSlayerRobot\rpaService\AsynchronousClient.cs:line 121
2023-02-22 22:52:44.004 +02:00 [INF] Response received : This is a test<EOF>
2023-02-22 22:53:53.816 +02:00 [INF] Service is started
2023-02-22 22:53:53.838 +02:00 [INF] Waiting for a connection...
2023-02-22 22:53:53.840 +02:00 [INF] Socket connected to 127.0.0.1:13000
2023-02-22 22:53:53.842 +02:00 [INF] Sent 19 bytes to server.
2023-02-22 22:53:53.846 +02:00 [INF] Response received : This is a test<EOF>
2023-02-22 22:55:28.365 +02:00 [INF] Service is started
2023-02-22 22:55:28.387 +02:00 [INF] Waiting for a connection...
2023-02-22 22:55:28.390 +02:00 [INF] Socket connected to 127.0.0.1:13000
2023-02-22 22:55:28.392 +02:00 [INF] Sent 19 bytes to server.
2023-02-22 22:55:28.396 +02:00 [INF] Response received : This is a test<EOF>
2023-02-22 22:55:31.400 +02:00 [INF] Sent 19 bytes to server.
2023-02-22 22:55:31.427 +02:00 [INF] System.Net.Sockets.SocketException (0x80004005): An established connection was aborted by the software in your host machine
   at System.Net.Sockets.Socket.BeginReceive(Byte[] buffer, Int32 offset, Int32 size, SocketFlags socketFlags, AsyncCallback callback, Object state)
   at rpaService.AsynchronousClient.Receive(Socket client) in D:\New folder\CSE\grad.Proj\rpaSlayerRobot\rpaService\AsynchronousClient.cs:line 121
2023-02-22 22:55:31.427 +02:00 [INF] Response received : This is a test<EOF>
2023-02-22 23:13:35.832 +02:00 [INF] Service is started
2023-02-22 23:13:35.854 +02:00 [INF] Waiting for a connection...
2023-02-22 23:13:35.856 +02:00 [INF] Waiting for a connection...
2023-02-22 23:13:35.858 +02:00 [INF] Socket connected to 127.0.0.1:11001
2023-02-22 23:13:35.859 +02:00 [INF] Sent 19 bytes to server.
2023-02-22 23:13:35.859 +02:00 [INF] Read 19 bytes from socket. 
 Data : This is a test<EOF>
2023-02-22 23:13:35.861 +02:00 [INF] Sent 19 bytes to client.
2023-02-22 23:13:35.861 +02:00 [INF] Response received : This is a test<EOF>
2023-02-22 23:13:38.874 +02:00 [INF] Socket connected to 127.0.0.1:11001
2023-02-22 23:13:38.874 +02:00 [INF] Response received : This is a test<EOF>
2023-02-22 23:13:38.875 +02:00 [INF] Waiting for a connection...
2023-02-22 23:13:38.875 +02:00 [INF] Read 19 bytes from socket. 
 Data : This is a test<EOF>
2023-02-22 23:13:38.874 +02:00 [INF] Sent 19 bytes to server.
2023-02-22 23:13:38.875 +02:00 [INF] Sent 19 bytes to client.
2023-02-22 23:13:41.878 +02:00 [INF] Response received : This is a test<EOF>
2023-02-22 23:13:41.878 +02:00 [INF] Socket connected to 127.0.0.1:11001
2023-02-22 23:13:41.879 +02:00 [INF] Waiting for a connection...
2023-02-22 23:13:41.879 +02:00 [INF] Read 19 bytes from socket. 
 Data : This is a test<EOF>
2023-02-22 23:13:41.879 +02:00 [INF] Sent 19 bytes to client.
2023-02-22 23:13:41.878 +02:00 [INF] Sent 19 bytes to server.
2023-02-22 23:13:44.894 +02:00 [INF] Sent 19 bytes to server.
2023-02-22 23:13:44.894 +02:00 [INF] Response received : This is a test<EOF>
2023-02-22 23:13:44.894 +02:00 [INF] Waiting for a connection...
2023-02-22 23:13:44.894 +02:00 [INF] Socket connected to 127.0.0.1:11001
2023-02-22 23:13:44.895 +02:00 [INF] Read 19 bytes from socket. 
 Data : This is a test<EOF>
2023-02-22 23:13:44.895 +02:00 [INF] Sent 19 bytes to client.
2023-02-22 23:13:47.909 +02:00 [INF] Response received : This is a test<EOF>
2023-02-22 23:13:47.909 +02:00 [INF] Socket connected to 127.0.0.1:11001
2023-02-22 23:13:47.910 +02:00 [INF] Waiting for a connection...
2023-02-22 23:13:47.910 +02:00 [INF] Read 19 bytes from socket. 
 Data : This is a test<EOF>
2023-02-22 23:13:47.909 +02:00 [INF] Sent 19 bytes to server.
2023-02-22 23:13:47.910 +02:00 [INF] Sent 19 bytes to client.
2023-02-22 23:13:50.925 +02:00 [INF] Response received : This is a test<EOF>
2023-02-22 23:13:50.925 +02:00 [INF] Socket connected to 127.0.0.1:11001
2023-02-22 23:13:50.926 +02:00 [INF] Waiting for a connection...
2023-02-22 23:13:50.926 +02:00 [INF] Read 19 bytes from socket. 
 Data : This is a test<EOF>
2023-02-22 23:13:50.926 +02:00 [INF] Sent 19 bytes to client.
2023-02-22 23:13:50.925 +02:00 [INF] Sent 19 bytes to server.
2023-02-22 23:13:53.935 +02:00 [INF] Socket connected to 127.0.0.1:11001
2023-02-22 23:13:53.935 +02:00 [INF] Sent 19 bytes to server.
2023-02-22 23:13:53.935 +02:00 [INF] Waiting for a connection...
2023-02-22 23:13:53.935 +02:00 [INF] Read 19 bytes from socket. 
 Data : This is a test<EOF>
2023-02-22 23:13:53.936 +02:00 [INF] Sent 19 bytes to client.
2023-02-22 23:13:53.935 +02:00 [INF] Response received : This is a test<EOF>
2023-02-22 23:13:56.573 +02:00 [INF] Waiting for a connection...
2023-02-22 23:13:56.579 +02:00 [INF] Read 19 bytes from socket. 
 Data : This is a test<EOF>
2023-02-22 23:13:56.579 +02:00 [INF] Sent 19 bytes to client.
2023-02-22 23:13:56.944 +02:00 [INF] Socket connected to 127.0.0.1:11001
2023-02-22 23:13:56.944 +02:00 [INF] Response received : This is a test<EOF>
2023-02-22 23:13:56.944 +02:00 [INF] Sent 19 bytes to server.
2023-02-22 23:13:56.944 +02:00 [INF] Waiting for a connection...
2023-02-22 23:13:56.945 +02:00 [INF] Read 19 bytes from socket. 
 Data : This is a test<EOF>
2023-02-22 23:13:56.946 +02:00 [INF] Sent 19 bytes to client.
2023-02-22 23:13:58.549 +02:00 [INF] Waiting for a connection...
2023-02-22 23:13:58.549 +02:00 [INF] Read 19 bytes from socket. 
 Data : This is a test<EOF>
2023-02-22 23:13:58.550 +02:00 [INF] Sent 19 bytes to client.
2023-02-22 23:13:59.952 +02:00 [INF] Socket connected to 127.0.0.1:11001
2023-02-22 23:13:59.952 +02:00 [INF] Response received : This is a test<EOF>
2023-02-22 23:13:59.952 +02:00 [INF] Sent 19 bytes to server.
2023-02-22 23:13:59.952 +02:00 [INF] Read 19 bytes from socket. 
 Data : This is a test<EOF>
2023-02-22 23:13:59.952 +02:00 [INF] Waiting for a connection...
2023-02-22 23:13:59.954 +02:00 [INF] Sent 19 bytes to client.
2023-02-22 23:14:02.962 +02:00 [INF] Socket connected to 127.0.0.1:11001
2023-02-22 23:14:02.962 +02:00 [INF] Response received : This is a test<EOF>
2023-02-22 23:14:02.962 +02:00 [INF] Waiting for a connection...
2023-02-22 23:14:02.963 +02:00 [INF] Read 19 bytes from socket. 
 Data : This is a test<EOF>
2023-02-22 23:14:02.962 +02:00 [INF] Sent 19 bytes to server.
2023-02-22 23:14:02.963 +02:00 [INF] Sent 19 bytes to client.
2023-02-22 23:14:05.979 +02:00 [INF] Socket connected to 127.0.0.1:11001
2023-02-22 23:14:05.979 +02:00 [INF] Sent 19 bytes to server.
2023-02-22 23:14:05.979 +02:00 [INF] Read 19 bytes from socket. 
 Data : This is a test<EOF>
2023-02-22 23:14:05.979 +02:00 [INF] Waiting for a connection...
2023-02-22 23:14:05.979 +02:00 [INF] Response received : This is a test<EOF>
2023-02-22 23:14:05.980 +02:00 [INF] Sent 19 bytes to client.
2023-02-22 23:14:08.990 +02:00 [INF] Socket connected to 127.0.0.1:11001
2023-02-22 23:14:08.990 +02:00 [INF] Sent 19 bytes to server.
2023-02-22 23:14:08.990 +02:00 [INF] Read 19 bytes from socket. 
 Data : This is a test<EOF>
2023-02-22 23:14:08.990 +02:00 [INF] Waiting for a connection...
2023-02-22 23:14:08.990 +02:00 [INF] Response received : This is a test<EOF>
2023-02-22 23:14:08.991 +02:00 [INF] Sent 19 bytes to client.
2023-02-22 23:14:12.006 +02:00 [INF] Socket connected to 127.0.0.1:11001
2023-02-22 23:14:12.006 +02:00 [INF] Sent 19 bytes to server.
2023-02-22 23:14:12.006 +02:00 [INF] Read 19 bytes from socket. 
 Data : This is a test<EOF>
2023-02-22 23:14:12.007 +02:00 [INF] Sent 19 bytes to client.
2023-02-22 23:14:12.006 +02:00 [INF] Response received : This is a test<EOF>
2023-02-22 23:14:12.006 +02:00 [INF] Waiting for a connection...
2023-02-22 23:14:15.019 +02:00 [INF] Sent 19 bytes to server.
2023-02-22 23:14:15.019 +02:00 [INF] Socket connected to 127.0.0.1:11001
2023-02-22 23:14:15.020 +02:00 [INF] Waiting for a connection...
2023-02-22 23:14:15.020 +02:00 [INF] Read 19 bytes from socket. 
 Data : This is a test<EOF>
2023-02-22 23:14:15.020 +02:00 [INF] Sent 19 bytes to client.
2023-02-22 23:14:15.019 +02:00 [INF] Response received : This is a test<EOF>
2023-02-22 23:14:18.036 +02:00 [INF] Socket connected to 127.0.0.1:11001
2023-02-22 23:14:18.036 +02:00 [INF] Response received : This is a test<EOF>
2023-02-22 23:14:18.036 +02:00 [INF] Waiting for a connection...
2023-02-22 23:14:18.036 +02:00 [INF] Read 19 bytes from socket. 
 Data : This is a test<EOF>
2023-02-22 23:14:18.036 +02:00 [INF] Sent 19 bytes to server.
2023-02-22 23:14:18.037 +02:00 [INF] Sent 19 bytes to client.
2023-02-22 23:14:21.044 +02:00 [INF] Sent 19 bytes to server.
2023-02-22 23:14:21.044 +02:00 [INF] Socket connected to 127.0.0.1:11001
2023-02-22 23:14:21.044 +02:00 [INF] Waiting for a connection...
2023-02-22 23:14:21.044 +02:00 [INF] Read 19 bytes from socket. 
 Data : This is a test<EOF>
2023-02-22 23:14:21.044 +02:00 [INF] Sent 19 bytes to client.
2023-02-22 23:14:21.044 +02:00 [INF] Response received : This is a test<EOF>
2023-02-22 23:14:24.056 +02:00 [INF] Socket connected to 127.0.0.1:11001
2023-02-22 23:14:24.056 +02:00 [INF] Sent 19 bytes to server.
2023-02-22 23:14:24.056 +02:00 [INF] Waiting for a connection...
2023-02-22 23:14:24.056 +02:00 [INF] Read 19 bytes from socket. 
 Data : This is a test<EOF>
2023-02-22 23:14:24.057 +02:00 [INF] Sent 19 bytes to client.
2023-02-22 23:14:24.056 +02:00 [INF] Response received : This is a test<EOF>
2023-02-22 23:14:27.063 +02:00 [INF] Socket connected to 127.0.0.1:11001
2023-02-22 23:14:27.063 +02:00 [INF] Sent 19 bytes to server.
2023-02-22 23:14:27.063 +02:00 [INF] Waiting for a connection...
2023-02-22 23:14:27.063 +02:00 [INF] Read 19 bytes from socket. 
 Data : This is a test<EOF>
2023-02-22 23:14:27.064 +02:00 [INF] Sent 19 bytes to client.
2023-02-22 23:14:27.063 +02:00 [INF] Response received : This is a test<EOF>
2023-02-22 23:14:30.069 +02:00 [INF] Socket connected to 127.0.0.1:11001
2023-02-22 23:14:30.069 +02:00 [INF] Response received : This is a test<EOF>
2023-02-22 23:14:30.069 +02:00 [INF] Waiting for a connection...
2023-02-22 23:14:30.070 +02:00 [INF] Read 19 bytes from socket. 
 Data : This is a test<EOF>
2023-02-22 23:14:30.069 +02:00 [INF] Sent 19 bytes to server.
2023-02-22 23:14:30.070 +02:00 [INF] Sent 19 bytes to client.
2023-02-22 23:14:33.083 +02:00 [INF] Socket connected to 127.0.0.1:11001
2023-02-22 23:14:33.083 +02:00 [INF] Response received : This is a test<EOF>
2023-02-22 23:14:33.083 +02:00 [INF] Sent 19 bytes to server.
2023-02-22 23:14:33.083 +02:00 [INF] Read 19 bytes from socket. 
 Data : This is a test<EOF>
2023-02-22 23:14:33.083 +02:00 [INF] Waiting for a connection...
2023-02-22 23:14:33.084 +02:00 [INF] Sent 19 bytes to client.
2023-02-22 23:14:36.095 +02:00 [INF] Response received : This is a test<EOF>
2023-02-22 23:14:36.095 +02:00 [INF] Socket connected to 127.0.0.1:11001
2023-02-22 23:14:36.095 +02:00 [INF] Sent 19 bytes to server.
2023-02-22 23:14:36.096 +02:00 [INF] Waiting for a connection...
2023-02-22 23:14:36.096 +02:00 [INF] Read 19 bytes from socket. 
 Data : This is a test<EOF>
2023-02-22 23:14:36.097 +02:00 [INF] Sent 19 bytes to client.
2023-02-22 23:14:39.110 +02:00 [INF] Socket connected to 127.0.0.1:11001
2023-02-22 23:14:39.110 +02:00 [INF] Sent 19 bytes to server.
2023-02-22 23:14:39.111 +02:00 [INF] Waiting for a connection...
2023-02-22 23:14:39.111 +02:00 [INF] Read 19 bytes from socket. 
 Data : This is a test<EOF>
2023-02-22 23:14:39.112 +02:00 [INF] Sent 19 bytes to client.
2023-02-22 23:14:39.110 +02:00 [INF] Response received : This is a test<EOF>
2023-02-22 23:14:42.122 +02:00 [INF] Response received : This is a test<EOF>
2023-02-22 23:14:42.122 +02:00 [INF] Socket connected to 127.0.0.1:11001
2023-02-22 23:14:42.122 +02:00 [INF] Waiting for a connection...
2023-02-22 23:14:42.122 +02:00 [INF] Read 19 bytes from socket. 
 Data : This is a test<EOF>
2023-02-22 23:14:42.123 +02:00 [INF] Sent 19 bytes to client.
2023-02-22 23:14:42.122 +02:00 [INF] Sent 19 bytes to server.
2023-02-22 23:14:45.138 +02:00 [INF] Socket connected to 127.0.0.1:11001
2023-02-22 23:14:45.138 +02:00 [INF] Response received : This is a test<EOF>
2023-02-22 23:14:45.138 +02:00 [INF] Waiting for a connection...
2023-02-22 23:14:45.139 +02:00 [INF] Read 19 bytes from socket. 
 Data : This is a test<EOF>
2023-02-22 23:14:45.139 +02:00 [INF] Sent 19 bytes to client.
2023-02-22 23:14:45.138 +02:00 [INF] Sent 19 bytes to server.
2023-02-22 23:14:48.152 +02:00 [INF] Socket connected to 127.0.0.1:11001
2023-02-22 23:14:48.152 +02:00 [INF] Sent 19 bytes to server.
2023-02-22 23:14:48.152 +02:00 [INF] Read 19 bytes from socket. 
 Data : This is a test<EOF>
2023-02-22 23:14:48.152 +02:00 [INF] Waiting for a connection...
2023-02-22 23:14:48.152 +02:00 [INF] Response received : This is a test<EOF>
2023-02-22 23:14:48.152 +02:00 [INF] Sent 19 bytes to client.
2023-02-22 23:14:51.167 +02:00 [INF] Socket connected to 127.0.0.1:11001
2023-02-22 23:14:51.168 +02:00 [INF] Response received : This is a test<EOF>
2023-02-22 23:14:51.168 +02:00 [INF] Sent 19 bytes to server.
2023-02-22 23:14:51.168 +02:00 [INF] Read 19 bytes from socket. 
 Data : This is a test<EOF>
2023-02-22 23:14:51.168 +02:00 [INF] Waiting for a connection...
2023-02-22 23:14:51.168 +02:00 [INF] Sent 19 bytes to client.
2023-02-22 23:14:54.176 +02:00 [INF] Socket connected to 127.0.0.1:11001
2023-02-22 23:14:54.176 +02:00 [INF] Sent 19 bytes to server.
2023-02-22 23:14:54.176 +02:00 [INF] Response received : This is a test<EOF>
2023-02-22 23:14:54.177 +02:00 [INF] Read 19 bytes from socket. 
 Data : This is a test<EOF>
2023-02-22 23:14:54.177 +02:00 [INF] Waiting for a connection...
2023-02-22 23:14:54.177 +02:00 [INF] Sent 19 bytes to client.
2023-02-22 23:14:57.167 +02:00 [INF] Waiting for a connection...
2023-02-22 23:14:57.167 +02:00 [INF] Read 19 bytes from socket. 
 Data : This is a test<EOF>
2023-02-22 23:14:57.168 +02:00 [INF] Sent 19 bytes to client.
2023-02-22 23:14:57.182 +02:00 [INF] Socket connected to 127.0.0.1:11001
2023-02-22 23:14:57.183 +02:00 [INF] Sent 19 bytes to server.
2023-02-22 23:14:57.183 +02:00 [INF] Waiting for a connection...
2023-02-22 23:14:57.182 +02:00 [INF] Response received : This is a test<EOF>
2023-02-22 23:14:57.183 +02:00 [INF] Read 19 bytes from socket. 
 Data : This is a test<EOF>
2023-02-22 23:14:57.183 +02:00 [INF] Sent 19 bytes to client.
2023-02-22 23:14:57.334 +02:00 [INF] Waiting for a connection...
2023-02-22 23:14:57.334 +02:00 [INF] Read 19 bytes from socket. 
 Data : This is a test<EOF>
2023-02-22 23:14:57.335 +02:00 [INF] Sent 19 bytes to client.
2023-02-22 23:14:57.541 +02:00 [INF] Waiting for a connection...
2023-02-22 23:14:57.541 +02:00 [INF] Read 19 bytes from socket. 
 Data : This is a test<EOF>
2023-02-22 23:14:57.542 +02:00 [INF] Sent 19 bytes to client.
2023-02-22 23:14:57.854 +02:00 [INF] Waiting for a connection...
2023-02-22 23:14:57.854 +02:00 [INF] Read 19 bytes from socket. 
 Data : This is a test<EOF>
2023-02-22 23:14:57.854 +02:00 [INF] Sent 19 bytes to client.
2023-02-22 23:14:58.223 +02:00 [INF] Waiting for a connection...
2023-02-22 23:14:58.224 +02:00 [INF] Read 19 bytes from socket. 
 Data : This is a test<EOF>
2023-02-22 23:14:58.224 +02:00 [INF] Sent 19 bytes to client.
2023-02-22 23:14:58.599 +02:00 [INF] Waiting for a connection...
2023-02-22 23:14:58.599 +02:00 [INF] Read 19 bytes from socket. 
 Data : This is a test<EOF>
2023-02-22 23:14:58.600 +02:00 [INF] Sent 19 bytes to client.
2023-02-22 23:14:59.206 +02:00 [INF] Waiting for a connection...
2023-02-22 23:14:59.206 +02:00 [INF] Read 19 bytes from socket. 
 Data : This is a test<EOF>
2023-02-22 23:14:59.207 +02:00 [INF] Sent 19 bytes to client.
2023-02-22 23:14:59.710 +02:00 [INF] Waiting for a connection...
2023-02-22 23:14:59.710 +02:00 [INF] Read 19 bytes from socket. 
 Data : This is a test<EOF>
2023-02-22 23:14:59.711 +02:00 [INF] Sent 19 bytes to client.
2023-02-22 23:15:00.198 +02:00 [INF] Socket connected to 127.0.0.1:11001
2023-02-22 23:15:00.198 +02:00 [INF] Sent 19 bytes to server.
2023-02-22 23:15:00.198 +02:00 [INF] Waiting for a connection...
2023-02-22 23:15:00.198 +02:00 [INF] Read 19 bytes from socket. 
 Data : This is a test<EOF>
2023-02-22 23:15:00.198 +02:00 [INF] Response received : This is a test<EOF>
2023-02-22 23:15:00.199 +02:00 [INF] Sent 19 bytes to client.
2023-02-22 23:15:03.205 +02:00 [INF] Socket connected to 127.0.0.1:11001
2023-02-22 23:15:03.205 +02:00 [INF] Response received : This is a test<EOF>
2023-02-22 23:15:03.205 +02:00 [INF] Waiting for a connection...
2023-02-22 23:15:03.205 +02:00 [INF] Read 19 bytes from socket. 
 Data : This is a test<EOF>
2023-02-22 23:15:03.205 +02:00 [INF] Sent 19 bytes to server.
2023-02-22 23:15:03.205 +02:00 [INF] Sent 19 bytes to client.
2023-02-22 23:15:06.220 +02:00 [INF] Socket connected to 127.0.0.1:11001
2023-02-22 23:15:06.220 +02:00 [INF] Waiting for a connection...
2023-02-22 23:15:06.220 +02:00 [INF] Response received : This is a test<EOF>
2023-02-22 23:15:06.220 +02:00 [INF] Sent 19 bytes to server.
2023-02-22 23:15:06.220 +02:00 [INF] Read 19 bytes from socket. 
 Data : This is a test<EOF>
2023-02-22 23:15:06.221 +02:00 [INF] Sent 19 bytes to client.
2023-02-22 23:15:09.236 +02:00 [INF] Socket connected to 127.0.0.1:11001
2023-02-22 23:15:09.236 +02:00 [INF] Sent 19 bytes to server.
2023-02-22 23:15:09.236 +02:00 [INF] Response received : This is a test<EOF>
2023-02-22 23:15:09.236 +02:00 [INF] Read 19 bytes from socket. 
 Data : This is a test<EOF>
2023-02-22 23:15:09.236 +02:00 [INF] Waiting for a connection...
2023-02-22 23:15:09.236 +02:00 [INF] Sent 19 bytes to client.
2023-02-22 23:15:12.246 +02:00 [INF] Response received : This is a test<EOF>
2023-02-22 23:15:12.246 +02:00 [INF] Socket connected to 127.0.0.1:11001
2023-02-22 23:15:12.247 +02:00 [INF] Waiting for a connection...
2023-02-22 23:15:12.247 +02:00 [INF] Read 19 bytes from socket. 
 Data : This is a test<EOF>
2023-02-22 23:15:12.247 +02:00 [INF] Sent 19 bytes to client.
2023-02-22 23:15:12.246 +02:00 [INF] Sent 19 bytes to server.
2023-02-22 23:15:15.262 +02:00 [INF] Sent 19 bytes to server.
2023-02-22 23:15:15.262 +02:00 [INF] Response received : This is a test<EOF>
2023-02-22 23:15:15.262 +02:00 [INF] Waiting for a connection...
2023-02-22 23:15:15.262 +02:00 [INF] Read 19 bytes from socket. 
 Data : This is a test<EOF>
2023-02-22 23:15:15.263 +02:00 [INF] Sent 19 bytes to client.
2023-02-22 23:15:15.262 +02:00 [INF] Socket connected to 127.0.0.1:11001
2023-02-22 23:15:15.704 +02:00 [INF] SERVICE IS STOPPED
2023-02-22 23:15:18.274 +02:00 [INF] Socket connected to 127.0.0.1:11001
2023-02-22 23:15:18.274 +02:00 [INF] Sent 19 bytes to server.
2023-02-22 23:15:18.274 +02:00 [INF] Waiting for a connection...
2023-02-22 23:15:18.274 +02:00 [INF] Read 19 bytes from socket. 
 Data : This is a test<EOF>
2023-02-22 23:15:18.274 +02:00 [INF] Response received : This is a test<EOF>
2023-02-22 23:15:18.274 +02:00 [INF] Sent 19 bytes to client.
2023-02-22 23:15:21.292 +02:00 [INF] Socket connected to 127.0.0.1:11001
2023-02-22 23:15:21.292 +02:00 [INF] Sent 19 bytes to server.
2023-02-22 23:15:21.292 +02:00 [INF] Response received : This is a test<EOF>
2023-02-22 23:15:21.292 +02:00 [INF] Waiting for a connection...
2023-02-22 23:15:21.292 +02:00 [INF] Read 19 bytes from socket. 
 Data : This is a test<EOF>
2023-02-22 23:15:21.293 +02:00 [INF] Sent 19 bytes to client.
2023-02-22 23:15:24.303 +02:00 [INF] Socket connected to 127.0.0.1:11001
2023-02-22 23:15:24.304 +02:00 [INF] Response received : This is a test<EOF>
2023-02-22 23:15:24.304 +02:00 [INF] Sent 19 bytes to server.
2023-02-22 23:15:24.304 +02:00 [INF] Read 19 bytes from socket. 
 Data : This is a test<EOF>
2023-02-22 23:15:24.304 +02:00 [INF] Waiting for a connection...
2023-02-22 23:15:24.304 +02:00 [INF] Sent 19 bytes to client.
2023-02-22 23:15:27.319 +02:00 [INF] Socket connected to 127.0.0.1:11001
2023-02-22 23:15:27.320 +02:00 [INF] Sent 19 bytes to server.
2023-02-22 23:15:27.320 +02:00 [INF] Waiting for a connection...
2023-02-22 23:15:27.320 +02:00 [INF] Read 19 bytes from socket. 
 Data : This is a test<EOF>
2023-02-22 23:15:27.320 +02:00 [INF] Response received : This is a test<EOF>
2023-02-22 23:15:27.320 +02:00 [INF] Sent 19 bytes to client.
2023-02-22 23:15:30.329 +02:00 [INF] Sent 19 bytes to server.
2023-02-22 23:15:30.330 +02:00 [INF] Response received : This is a test<EOF>
2023-02-22 23:15:30.330 +02:00 [INF] Socket connected to 127.0.0.1:11001
2023-02-22 23:15:30.330 +02:00 [INF] Waiting for a connection...
2023-02-22 23:15:30.330 +02:00 [INF] Read 19 bytes from socket. 
 Data : This is a test<EOF>
2023-02-22 23:15:30.331 +02:00 [INF] Sent 19 bytes to client.
2023-02-22 23:15:33.340 +02:00 [INF] Socket connected to 127.0.0.1:11001
2023-02-22 23:15:33.340 +02:00 [INF] Sent 19 bytes to server.
2023-02-22 23:15:33.340 +02:00 [INF] Response received : This is a test<EOF>
2023-02-22 23:15:33.340 +02:00 [INF] Waiting for a connection...
2023-02-22 23:15:33.340 +02:00 [INF] Read 19 bytes from socket. 
 Data : This is a test<EOF>
2023-02-22 23:15:33.341 +02:00 [INF] Sent 19 bytes to client.
2023-02-22 23:15:36.344 +02:00 [INF] Response received : This is a test<EOF>
2023-02-22 23:15:36.344 +02:00 [INF] Waiting for a connection...
2023-02-22 23:15:36.345 +02:00 [INF] Read 19 bytes from socket. 
 Data : This is a test<EOF>
2023-02-22 23:15:36.345 +02:00 [INF] Sent 19 bytes to client.
2023-02-22 23:15:36.344 +02:00 [INF] Socket connected to 127.0.0.1:11001
2023-02-22 23:15:36.344 +02:00 [INF] Sent 19 bytes to server.
2023-02-22 23:15:39.352 +02:00 [INF] Response received : This is a test<EOF>
2023-02-22 23:15:39.352 +02:00 [INF] Sent 19 bytes to server.
2023-02-22 23:15:39.353 +02:00 [INF] Socket connected to 127.0.0.1:11001
2023-02-22 23:15:39.353 +02:00 [INF] Waiting for a connection...
2023-02-22 23:15:39.353 +02:00 [INF] Read 19 bytes from socket. 
 Data : This is a test<EOF>
2023-02-22 23:15:39.353 +02:00 [INF] Sent 19 bytes to client.
2023-02-22 23:15:42.354 +02:00 [INF] Socket connected to 127.0.0.1:11001
2023-02-22 23:15:42.354 +02:00 [INF] Response received : This is a test<EOF>
2023-02-22 23:15:42.354 +02:00 [INF] Waiting for a connection...
2023-02-22 23:15:42.354 +02:00 [INF] Read 19 bytes from socket. 
 Data : This is a test<EOF>
2023-02-22 23:15:42.354 +02:00 [INF] Sent 19 bytes to server.
2023-02-22 23:15:42.355 +02:00 [INF] Sent 19 bytes to client.
2023-02-22 23:15:45.362 +02:00 [INF] Response received : This is a test<EOF>
2023-02-22 23:15:45.362 +02:00 [INF] Sent 19 bytes to server.
2023-02-22 23:15:45.362 +02:00 [INF] Waiting for a connection...
2023-02-22 23:15:45.362 +02:00 [INF] Socket connected to 127.0.0.1:11001
2023-02-22 23:15:45.363 +02:00 [INF] Read 19 bytes from socket. 
 Data : This is a test<EOF>
2023-02-22 23:15:45.363 +02:00 [INF] Sent 19 bytes to client.
2023-02-23 17:28:53.137 +02:00 [INF] Service is started
2023-02-23 17:28:53.161 +02:00 [INF] Waiting for a connection...
2023-02-23 17:28:53.809 +02:00 [INF] Waiting for a connection...
2023-02-23 17:28:53.815 +02:00 [INF] Socket connected to 127.0.0.1:11001
2023-02-23 17:28:53.822 +02:00 [INF] Sent 19 bytes to server.
2023-02-23 17:28:53.823 +02:00 [INF] Read 19 bytes from socket. 
 Data : This is a test<EOF>
2023-02-23 17:28:53.828 +02:00 [INF] Sent 19 bytes to client.
2023-02-23 17:28:53.829 +02:00 [INF] Response received : This is a test<EOF>
2023-02-23 17:28:56.846 +02:00 [INF] Response received : This is a test<EOF>
2023-02-23 17:28:56.846 +02:00 [INF] Socket connected to 127.0.0.1:11001
2023-02-23 17:28:56.846 +02:00 [INF] Waiting for a connection...
2023-02-23 17:28:56.847 +02:00 [INF] Read 19 bytes from socket. 
 Data : This is a test<EOF>
2023-02-23 17:28:56.847 +02:00 [INF] Sent 19 bytes to client.
2023-02-23 17:28:59.850 +02:00 [INF] Socket connected to 127.0.0.1:11001
2023-02-23 17:28:59.850 +02:00 [INF] Sent 19 bytes to server.
2023-02-23 17:28:59.850 +02:00 [INF] Response received : This is a test<EOF>
2023-02-23 17:28:59.850 +02:00 [INF] Read 19 bytes from socket. 
 Data : This is a test<EOF>
2023-02-23 17:28:59.850 +02:00 [INF] Waiting for a connection...
2023-02-23 17:28:59.850 +02:00 [INF] Sent 19 bytes to client.
2023-02-23 17:29:02.865 +02:00 [INF] Response received : This is a test<EOF>
2023-02-23 17:29:02.865 +02:00 [INF] Sent 19 bytes to server.
2023-02-23 17:29:02.866 +02:00 [INF] Waiting for a connection...
2023-02-23 17:29:02.866 +02:00 [INF] Read 19 bytes from socket. 
 Data : This is a test<EOF>
2023-02-23 17:29:02.866 +02:00 [INF] Sent 19 bytes to client.
2023-02-23 17:29:02.865 +02:00 [INF] Socket connected to 127.0.0.1:11001
2023-02-23 17:29:05.876 +02:00 [INF] Socket connected to 127.0.0.1:11001
2023-02-23 17:29:05.876 +02:00 [INF] Sent 19 bytes to server.
2023-02-23 17:29:05.876 +02:00 [INF] Waiting for a connection...
2023-02-23 17:29:05.876 +02:00 [INF] Read 19 bytes from socket. 
 Data : This is a test<EOF>
2023-02-23 17:29:05.876 +02:00 [INF] Sent 19 bytes to client.
2023-02-23 17:29:05.876 +02:00 [INF] Response received : This is a test<EOF>
2023-02-23 17:29:08.886 +02:00 [INF] Socket connected to 127.0.0.1:11001
2023-02-23 17:29:08.886 +02:00 [INF] Waiting for a connection...
2023-02-23 17:29:08.886 +02:00 [INF] Read 19 bytes from socket. 
 Data : This is a test<EOF>
2023-02-23 17:29:08.886 +02:00 [INF] Sent 19 bytes to client.
2023-02-23 17:29:08.886 +02:00 [INF] Response received : This is a test<EOF>
2023-02-23 17:29:08.886 +02:00 [INF] Sent 19 bytes to server.
2023-02-23 17:29:11.903 +02:00 [INF] Socket connected to 127.0.0.1:11001
2023-02-23 17:29:11.903 +02:00 [INF] Response received : This is a test<EOF>
2023-02-23 17:29:11.903 +02:00 [INF] Sent 19 bytes to server.
2023-02-23 17:29:11.904 +02:00 [INF] Waiting for a connection...
2023-02-23 17:29:11.904 +02:00 [INF] Read 19 bytes from socket. 
 Data : This is a test<EOF>
2023-02-23 17:29:11.904 +02:00 [INF] Sent 19 bytes to client.
2023-02-23 17:29:14.911 +02:00 [INF] Socket connected to 127.0.0.1:11001
2023-02-23 17:29:14.911 +02:00 [INF] Sent 19 bytes to server.
2023-02-23 17:29:14.911 +02:00 [INF] Waiting for a connection...
2023-02-23 17:29:14.911 +02:00 [INF] Read 19 bytes from socket. 
 Data : This is a test<EOF>
2023-02-23 17:29:14.912 +02:00 [INF] Sent 19 bytes to client.
2023-02-23 17:29:14.911 +02:00 [INF] Response received : This is a test<EOF>
2023-02-23 17:29:17.918 +02:00 [INF] Sent 19 bytes to server.
2023-02-23 17:29:17.918 +02:00 [INF] Response received : This is a test<EOF>
2023-02-23 17:29:17.919 +02:00 [INF] Waiting for a connection...
2023-02-23 17:29:17.919 +02:00 [INF] Read 19 bytes from socket. 
 Data : This is a test<EOF>
2023-02-23 17:29:17.919 +02:00 [INF] Sent 19 bytes to client.
2023-02-23 17:29:17.918 +02:00 [INF] Socket connected to 127.0.0.1:11001
2023-02-23 17:29:20.932 +02:00 [INF] Response received : This is a test<EOF>
2023-02-23 17:29:20.932 +02:00 [INF] Socket connected to 127.0.0.1:11001
2023-02-23 17:29:20.932 +02:00 [INF] Waiting for a connection...
2023-02-23 17:29:20.933 +02:00 [INF] Read 19 bytes from socket. 
 Data : This is a test<EOF>
2023-02-23 17:29:20.933 +02:00 [INF] Sent 19 bytes to client.
2023-02-23 17:29:20.932 +02:00 [INF] Sent 19 bytes to server.
2023-02-23 17:29:23.942 +02:00 [INF] Socket connected to 127.0.0.1:11001
2023-02-23 17:29:23.942 +02:00 [INF] Sent 19 bytes to server.
2023-02-23 17:29:23.942 +02:00 [INF] Response received : This is a test<EOF>
2023-02-23 17:29:23.942 +02:00 [INF] Read 19 bytes from socket. 
 Data : This is a test<EOF>
2023-02-23 17:29:23.942 +02:00 [INF] Waiting for a connection...
2023-02-23 17:29:23.943 +02:00 [INF] Sent 19 bytes to client.
2023-02-23 17:29:26.946 +02:00 [INF] Socket connected to 127.0.0.1:11001
2023-02-23 17:29:26.946 +02:00 [INF] Response received : This is a test<EOF>
2023-02-23 17:29:26.946 +02:00 [INF] Sent 19 bytes to server.
2023-02-23 17:29:26.946 +02:00 [INF] Read 19 bytes from socket. 
 Data : This is a test<EOF>
2023-02-23 17:29:26.947 +02:00 [INF] Sent 19 bytes to client.
2023-02-23 17:29:26.946 +02:00 [INF] Waiting for a connection...
2023-02-23 17:29:29.955 +02:00 [INF] Socket connected to 127.0.0.1:11001
2023-02-23 17:29:29.955 +02:00 [INF] Sent 19 bytes to server.
2023-02-23 17:29:29.955 +02:00 [INF] Waiting for a connection...
2023-02-23 17:29:29.955 +02:00 [INF] Read 19 bytes from socket. 
 Data : This is a test<EOF>
2023-02-23 17:29:29.955 +02:00 [INF] Response received : This is a test<EOF>
2023-02-23 17:29:29.955 +02:00 [INF] Sent 19 bytes to client.
2023-02-23 17:29:32.968 +02:00 [INF] Socket connected to 127.0.0.1:11001
2023-02-23 17:29:32.969 +02:00 [INF] Response received : This is a test<EOF>
2023-02-23 17:29:32.969 +02:00 [INF] Waiting for a connection...
2023-02-23 17:29:32.969 +02:00 [INF] Read 19 bytes from socket. 
 Data : This is a test<EOF>
2023-02-23 17:29:32.969 +02:00 [INF] Sent 19 bytes to client.
2023-02-23 17:29:32.969 +02:00 [INF] Sent 19 bytes to server.
2023-02-23 17:29:33.908 +02:00 [INF] SERVICE IS STOPPED
2023-02-23 17:29:35.983 +02:00 [INF] Response received : This is a test<EOF>
2023-02-23 17:29:35.983 +02:00 [INF] Socket connected to 127.0.0.1:11001
2023-02-23 17:29:35.983 +02:00 [INF] Waiting for a connection...
2023-02-23 17:29:35.983 +02:00 [INF] Sent 19 bytes to server.
2023-02-23 17:29:35.984 +02:00 [INF] Read 19 bytes from socket. 
 Data : This is a test<EOF>
2023-02-23 17:29:35.984 +02:00 [INF] Sent 19 bytes to client.
2023-02-23 17:29:38.992 +02:00 [INF] Socket connected to 127.0.0.1:11001
2023-02-23 17:29:38.992 +02:00 [INF] Waiting for a connection...
2023-02-23 17:29:38.992 +02:00 [INF] Read 19 bytes from socket. 
 Data : This is a test<EOF>
2023-02-23 17:29:38.992 +02:00 [INF] Sent 19 bytes to client.
2023-02-23 17:29:38.992 +02:00 [INF] Sent 19 bytes to server.
2023-02-23 17:29:38.992 +02:00 [INF] Response received : This is a test<EOF>
2023-02-23 17:29:41.997 +02:00 [INF] Response received : This is a test<EOF>
2023-02-23 17:29:41.997 +02:00 [INF] Sent 19 bytes to server.
2023-02-23 17:29:41.997 +02:00 [INF] Waiting for a connection...
2023-02-23 17:29:41.997 +02:00 [INF] Read 19 bytes from socket. 
 Data : This is a test<EOF>
2023-02-23 17:29:41.997 +02:00 [INF] Socket connected to 127.0.0.1:11001
2023-02-23 17:29:41.998 +02:00 [INF] Sent 19 bytes to client.
2023-02-23 17:29:45.002 +02:00 [INF] Socket connected to 127.0.0.1:11001
2023-02-23 17:29:45.002 +02:00 [INF] Response received : This is a test<EOF>
2023-02-23 17:29:45.003 +02:00 [INF] Read 19 bytes from socket. 
 Data : This is a test<EOF>
2023-02-23 17:29:45.002 +02:00 [INF] Waiting for a connection...
2023-02-23 17:29:45.002 +02:00 [INF] Sent 19 bytes to server.
2023-02-23 17:29:45.003 +02:00 [INF] Sent 19 bytes to client.
2023-02-23 17:29:48.007 +02:00 [INF] Socket connected to 127.0.0.1:11001
2023-02-23 17:29:48.007 +02:00 [INF] Sent 19 bytes to server.
2023-02-23 17:29:48.007 +02:00 [INF] Waiting for a connection...
2023-02-23 17:29:48.007 +02:00 [INF] Read 19 bytes from socket. 
 Data : This is a test<EOF>
2023-02-23 17:29:48.008 +02:00 [INF] Sent 19 bytes to client.
2023-02-23 17:29:48.007 +02:00 [INF] Response received : This is a test<EOF>
2023-02-23 17:29:51.018 +02:00 [INF] Response received : This is a test<EOF>
2023-02-23 17:29:51.018 +02:00 [INF] Socket connected to 127.0.0.1:11001
2023-02-23 17:29:51.018 +02:00 [INF] Read 19 bytes from socket. 
 Data : This is a test<EOF>
2023-02-23 17:29:51.018 +02:00 [INF] Waiting for a connection...
2023-02-23 17:29:51.018 +02:00 [INF] Sent 19 bytes to server.
2023-02-23 17:29:51.019 +02:00 [INF] Sent 19 bytes to client.
2023-02-23 17:29:54.036 +02:00 [INF] Socket connected to 127.0.0.1:11001
2023-02-23 17:29:54.036 +02:00 [INF] Sent 19 bytes to server.
2023-02-23 17:29:54.036 +02:00 [INF] Waiting for a connection...
2023-02-23 17:29:54.037 +02:00 [INF] Read 19 bytes from socket. 
 Data : This is a test<EOF>
2023-02-23 17:29:54.036 +02:00 [INF] Response received : This is a test<EOF>
2023-02-23 17:29:54.037 +02:00 [INF] Sent 19 bytes to client.
2023-02-23 17:29:57.042 +02:00 [INF] Sent 19 bytes to server.
2023-02-23 17:29:57.042 +02:00 [INF] Response received : This is a test<EOF>
2023-02-23 17:29:57.042 +02:00 [INF] Waiting for a connection...
2023-02-23 17:29:57.042 +02:00 [INF] Read 19 bytes from socket. 
 Data : This is a test<EOF>
2023-02-23 17:29:57.043 +02:00 [INF] Sent 19 bytes to client.
2023-02-23 17:29:57.042 +02:00 [INF] Socket connected to 127.0.0.1:11001
2023-02-23 17:30:00.061 +02:00 [INF] Response received : This is a test<EOF>
2023-02-23 17:30:00.061 +02:00 [INF] Socket connected to 127.0.0.1:11001
2023-02-23 17:30:00.061 +02:00 [INF] Waiting for a connection...
2023-02-23 17:30:00.061 +02:00 [INF] Read 19 bytes from socket. 
 Data : This is a test<EOF>
2023-02-23 17:30:00.061 +02:00 [INF] Sent 19 bytes to server.
2023-02-23 17:30:00.061 +02:00 [INF] Sent 19 bytes to client.
2023-02-23 17:30:03.077 +02:00 [INF] Socket connected to 127.0.0.1:11001
2023-02-23 17:30:03.078 +02:00 [INF] Sent 19 bytes to server.
2023-02-23 17:30:03.078 +02:00 [INF] Response received : This is a test<EOF>
2023-02-23 17:30:03.078 +02:00 [INF] Waiting for a connection...
2023-02-23 17:30:03.078 +02:00 [INF] Read 19 bytes from socket. 
 Data : This is a test<EOF>
2023-02-23 17:30:03.078 +02:00 [INF] Sent 19 bytes to client.
